Listening on port 3005
Server Start On Time :22-05-2020 8:04:11 pm
connection to database successfull
[0mGET / [33m404 [0m3.630 ms - 139[0m
[0mGET / [33m404 [0m3.571 ms - 139[0m
[0mGET / [33m404 [0m0.473 ms - 139[0m
[0mGET / [33m404 [0m0.480 ms - 139[0m
[0mGET / [33m404 [0m0.449 ms - 139[0m
[0mGET / [33m404 [0m0.940 ms - 139[0m
[0mGET / [33m404 [0m0.453 ms - 139[0m
[0mGET / [33m404 [0m0.380 ms - 139[0m
[0mGET / [33m404 [0m0.409 ms - 139[0m
[0mGET / [33m404 [0m0.482 ms - 139[0m
[0mGET / [33m404 [0m0.578 ms - 139[0m
[0mGET / [33m404 [0m0.440 ms - 139[0m
[0mGET / [33m404 [0m0.447 ms - 139[0m
[0mGET / [33m404 [0m0.444 ms - 139[0m
[0mGET / [33m404 [0m0.429 ms - 139[0m
[0mGET / [33m404 [0m0.548 ms - 139[0m
[0mGET / [33m404 [0m0.399 ms - 139[0m
[0mGET / [33m404 [0m0.646 ms - 139[0m
[0mGET / [33m404 [0m0.402 ms - 139[0m
[0mGET / [33m404 [0m0.382 ms - 139[0m
[0mGET / [33m404 [0m0.380 ms - 139[0m
[0mGET / [33m404 [0m0.385 ms - 139[0m
[0mGET / [33m404 [0m0.365 ms - 139[0m
[0mGET / [33m404 [0m0.384 ms - 139[0m
[0mGET / [33m404 [0m0.955 ms - 139[0m
[0mGET / [33m404 [0m0.419 ms - 139[0m
[0mGET / [33m404 [0m0.435 ms - 139[0m
[0mGET / [33m404 [0m0.440 ms - 139[0m
[0mGET / [33m404 [0m0.395 ms - 139[0m
[0mGET / [33m404 [0m0.432 ms - 139[0m
[0mGET / [33m404 [0m0.354 ms - 139[0m
[0mGET / [33m404 [0m0.452 ms - 139[0m
[0mGET / [33m404 [0m0.554 ms - 139[0m
[0mGET / [33m404 [0m0.427 ms - 139[0m
[0mGET / [33m404 [0m0.445 ms - 139[0m
[0mGET / [33m404 [0m0.475 ms - 139[0m
[0mGET / [33m404 [0m0.301 ms - 139[0m
[0mGET / [33m404 [0m0.297 ms - 139[0m
[0mGET / [33m404 [0m0.301 ms - 139[0m
[0mGET / [33m404 [0m0.298 ms - 139[0m
[0mGET / [33m404 [0m0.297 ms - 139[0m
[0mGET / [33m404 [0m0.312 ms - 139[0m
[0mGET / [33m404 [0m0.322 ms - 139[0m
[0mGET / [33m404 [0m0.311 ms - 139[0m
[0mGET / [33m404 [0m0.720 ms - 139[0m
[0mGET / [33m404 [0m0.350 ms - 139[0m
[0mGET / [33m404 [0m0.724 ms - 139[0m
[0mGET / [33m404 [0m0.778 ms - 139[0m
[0mGET / [33m404 [0m1.155 ms - 139[0m
[0mGET / [33m404 [0m1.230 ms - 139[0m
[0mGET / [33m404 [0m1.250 ms - 139[0m
[0mGET / [33m404 [0m1.295 ms - 139[0m
[0mGET / [33m404 [0m1.493 ms - 139[0m
[0mGET / [33m404 [0m1.241 ms - 139[0m
[0mGET / [33m404 [0m2.214 ms - 139[0m
[0mGET / [33m404 [0m1.127 ms - 139[0m
[0mGET / [33m404 [0m1.241 ms - 139[0m
[0mGET / [33m404 [0m1.277 ms - 139[0m
[0mGET / [33m404 [0m1.127 ms - 139[0m
[0mGET / [33m404 [0m1.257 ms - 139[0m
[0mGET / [33m404 [0m1.292 ms - 139[0m
[0mGET / [33m404 [0m1.287 ms - 139[0m
[0mGET / [33m404 [0m1.299 ms - 139[0m
[0mGET / [33m404 [0m1.244 ms - 139[0m
[0mGET / [33m404 [0m1.313 ms - 139[0m
[0mGET / [33m404 [0m1.143 ms - 139[0m
[0mGET / [33m404 [0m1.940 ms - 139[0m
[0mGET / [33m404 [0m2.830 ms - 139[0m
[0mGET / [33m404 [0m1.235 ms - 139[0m
[0mGET / [33m404 [0m0.789 ms - 139[0m
[0mGET / [33m404 [0m1.787 ms - 139[0m
[0mGET / [33m404 [0m1.588 ms - 139[0m
[0mGET / [33m404 [0m0.806 ms - 139[0m
[0mGET / [33m404 [0m0.808 ms - 139[0m
[0mGET / [33m404 [0m0.730 ms - 139[0m
[0mGET / [33m404 [0m1.451 ms - 139[0m
[0mGET / [33m404 [0m1.550 ms - 139[0m
[0mGET / [33m404 [0m0.805 ms - 139[0m
[0mGET / [33m404 [0m0.791 ms - 139[0m
[0mGET / [33m404 [0m1.781 ms - 139[0m
[0mGET / [33m404 [0m1.868 ms - 139[0m
[0mGET / [33m404 [0m0.682 ms - 139[0m
[0mGET / [33m404 [0m0.772 ms - 139[0m
[0mGET / [33m404 [0m0.768 ms - 139[0m
[0mGET / [33m404 [0m1.620 ms - 139[0m
[0mGET / [33m404 [0m1.605 ms - 139[0m
[0mGET / [33m404 [0m0.781 ms - 139[0m
[0mGET / [33m404 [0m1.571 ms - 139[0m
[0mGET / [33m404 [0m1.482 ms - 139[0m
[0mGET / [33m404 [0m0.802 ms - 139[0m
[0mGET / [33m404 [0m0.789 ms - 139[0m
[0mGET / [33m404 [0m0.783 ms - 139[0m
[0mGET / [33m404 [0m0.778 ms - 139[0m
[0mGET / [33m404 [0m0.681 ms - 139[0m
[0mGET / [33m404 [0m0.852 ms - 139[0m
[0mGET / [33m404 [0m0.797 ms - 139[0m
[0mGET / [33m404 [0m1.056 ms - 139[0m
[0mGET / [33m404 [0m1.675 ms - 139[0m
[0mGET / [33m404 [0m1.559 ms - 139[0m
[0mGET / [33m404 [0m0.764 ms - 139[0m
[0mGET / [33m404 [0m0.774 ms - 139[0m
[0mGET / [33m404 [0m1.393 ms - 139[0m
[0mGET / [33m404 [0m1.527 ms - 139[0m
[0mGET / [33m404 [0m1.401 ms - 139[0m
[0mGET / [33m404 [0m0.805 ms - 139[0m
[0mGET / [33m404 [0m0.769 ms - 139[0m
[0mGET / [33m404 [0m1.536 ms - 139[0m
[0mGET / [33m404 [0m2.591 ms - 139[0m
[0mGET / [33m404 [0m0.775 ms - 139[0m
[0mGET / [33m404 [0m0.751 ms - 139[0m
[0mGET / [33m404 [0m0.777 ms - 139[0m
[0mGET / [33m404 [0m4.124 ms - 139[0m
[0mGET / [33m404 [0m0.538 ms - 139[0m
[0mGET / [33m404 [0m0.666 ms - 139[0m
[0mGET / [33m404 [0m0.978 ms - 139[0m
[0mGET / [33m404 [0m0.470 ms - 139[0m
[0mGET / [33m404 [0m0.465 ms - 139[0m
[0mGET / [33m404 [0m0.485 ms - 139[0m
[0mGET / [33m404 [0m0.475 ms - 139[0m
[0mGET / [33m404 [0m0.470 ms - 139[0m
[0mGET / [33m404 [0m0.471 ms - 139[0m
[0mGET / [33m404 [0m1.194 ms - 139[0m
[0mGET / [33m404 [0m1.258 ms - 139[0m
[0mGET / [33m404 [0m0.616 ms - 139[0m
[0mGET / [33m404 [0m0.973 ms - 139[0m
[0mGET / [33m404 [0m1.186 ms - 139[0m
[0mGET / [33m404 [0m1.462 ms - 139[0m
[0mGET / [33m404 [0m0.773 ms - 139[0m
[0mGET / [33m404 [0m0.908 ms - 139[0m
[0mGET / [33m404 [0m0.775 ms - 139[0m
[0mGET / [33m404 [0m0.874 ms - 139[0m
[0mGET / [33m404 [0m1.796 ms - 139[0m
[0mGET / [33m404 [0m1.680 ms - 139[0m
[0mGET / [33m404 [0m1.352 ms - 139[0m
[0mGET / [33m404 [0m1.982 ms - 139[0m
[0mGET / [33m404 [0m0.912 ms - 139[0m
[0mGET / [33m404 [0m2.282 ms - 139[0m
[0mGET / [33m404 [0m1.959 ms - 139[0m
[0mGET / [33m404 [0m0.907 ms - 139[0m
[0mGET / [33m404 [0m0.894 ms - 139[0m
[0mGET / [33m404 [0m0.887 ms - 139[0m
[0mGET / [33m404 [0m1.888 ms - 139[0m
[0mGET / [33m404 [0m1.969 ms - 139[0m
[0mGET / [33m404 [0m1.347 ms - 139[0m
[0mGET / [33m404 [0m1.258 ms - 139[0m
[0mGET / [33m404 [0m0.605 ms - 139[0m
[0mGET / [33m404 [0m1.083 ms - 139[0m
[0mGET / [33m404 [0m1.425 ms - 139[0m
[0mGET / [33m404 [0m0.639 ms - 139[0m
[0mGET / [33m404 [0m0.421 ms - 139[0m
[0mGET / [33m404 [0m0.416 ms - 139[0m
[0mGET / [33m404 [0m0.421 ms - 139[0m
[0mGET / [33m404 [0m0.400 ms - 139[0m
[0mGET / [33m404 [0m0.622 ms - 139[0m
[0mGET / [33m404 [0m0.822 ms - 139[0m
[0mGET / [33m404 [0m0.429 ms - 139[0m
[0mGET / [33m404 [0m0.434 ms - 139[0m
[0mGET / [33m404 [0m0.393 ms - 139[0m
[0mGET / [33m404 [0m0.420 ms - 139[0m
[0mGET / [33m404 [0m0.406 ms - 139[0m
[0mGET / [33m404 [0m0.421 ms - 139[0m
[0mGET / [33m404 [0m0.591 ms - 139[0m
[0mGET / [33m404 [0m0.558 ms - 139[0m
[0mGET / [33m404 [0m0.855 ms - 139[0m
[0mGET / [33m404 [0m2.367 ms - 139[0m
[0mGET / [33m404 [0m0.609 ms - 139[0m
[0mGET / [33m404 [0m0.813 ms - 139[0m
[0mGET / [33m404 [0m0.522 ms - 139[0m
[0mGET / [33m404 [0m0.620 ms - 139[0m
[0mGET / [33m404 [0m0.586 ms - 139[0m
[0mGET / [33m404 [0m0.630 ms - 139[0m
[0mGET / [33m404 [0m1.186 ms - 139[0m
[0mGET / [33m404 [0m0.586 ms - 139[0m
[0mGET / [33m404 [0m0.703 ms - 139[0m
[0mGET / [33m404 [0m0.753 ms - 139[0m
[0mGET / [33m404 [0m0.409 ms - 139[0m
[0mGET / [33m404 [0m0.370 ms - 139[0m
[0mGET / [33m404 [0m0.370 ms - 139[0m
[0mGET / [33m404 [0m0.396 ms - 139[0m
[0mGET / [33m404 [0m0.394 ms - 139[0m
[0mGET / [33m404 [0m0.391 ms - 139[0m
[0mGET / [33m404 [0m0.331 ms - 139[0m
[0mGET / [33m404 [0m0.315 ms - 139[0m
[0mGET / [33m404 [0m0.746 ms - 139[0m
[0mGET / [33m404 [0m0.866 ms - 139[0m
[0mGET / [33m404 [0m0.323 ms - 139[0m
[0mGET / [33m404 [0m0.339 ms - 139[0m
[0mGET / [33m404 [0m0.313 ms - 139[0m
[0mGET / [33m404 [0m0.345 ms - 139[0m
[0mGET / [33m404 [0m0.318 ms - 139[0m
[0mGET / [33m404 [0m0.351 ms - 139[0m
[0mGET / [33m404 [0m1.279 ms - 139[0m
[0mGET / [33m404 [0m0.333 ms - 139[0m
[0mGET / [33m404 [0m0.660 ms - 139[0m
[0mGET / [33m404 [0m0.610 ms - 139[0m
[0mGET / [33m404 [0m0.351 ms - 139[0m
[0mGET / [33m404 [0m0.376 ms - 139[0m
[0mGET / [33m404 [0m0.325 ms - 139[0m
[0mGET / [33m404 [0m0.349 ms - 139[0m
[0mGET / [33m404 [0m0.332 ms - 139[0m
[0mGET / [33m404 [0m0.318 ms - 139[0m
[0mGET / [33m404 [0m0.259 ms - 139[0m
[0mGET / [33m404 [0m0.363 ms - 139[0m
[0mGET / [33m404 [0m0.352 ms - 139[0m
[0mGET / [33m404 [0m0.420 ms - 139[0m
[0mGET / [33m404 [0m0.325 ms - 139[0m
[0mGET / [33m404 [0m0.382 ms - 139[0m
[0mGET / [33m404 [0m0.371 ms - 139[0m
[0mGET / [33m404 [0m0.371 ms - 139[0m
[0mGET / [33m404 [0m0.371 ms - 139[0m
[0mGET / [33m404 [0m0.744 ms - 139[0m
[0mGET / [33m404 [0m0.323 ms - 139[0m
[0mGET / [33m404 [0m0.300 ms - 139[0m
[0mGET / [33m404 [0m0.326 ms - 139[0m
[0mGET / [33m404 [0m0.621 ms - 139[0m
[0mGET / [33m404 [0m0.742 ms - 139[0m
[0mGET / [33m404 [0m0.474 ms - 139[0m
[0mGET / [33m404 [0m0.725 ms - 139[0m
[0mGET / [33m404 [0m0.278 ms - 139[0m
[0mGET / [33m404 [0m0.318 ms - 139[0m
[0mGET / [33m404 [0m1.874 ms - 139[0m
[0mGET / [33m404 [0m0.433 ms - 139[0m
[0mGET / [33m404 [0m0.635 ms - 139[0m
[0mGET / [33m404 [0m0.701 ms - 139[0m
[0mGET / [33m404 [0m0.412 ms - 139[0m
[0mGET / [33m404 [0m0.637 ms - 139[0m
[0mGET / [33m404 [0m0.324 ms - 139[0m
[0mGET / [33m404 [0m0.306 ms - 139[0m
[0mGET / [33m404 [0m0.309 ms - 139[0m
[0mGET / [33m404 [0m0.416 ms - 139[0m
[0mGET / [33m404 [0m0.316 ms - 139[0m
[0mGET / [33m404 [0m0.325 ms - 139[0m
[0mGET / [33m404 [0m1.358 ms - 139[0m
[0mGET / [33m404 [0m1.269 ms - 139[0m
[0mGET / [33m404 [0m0.495 ms - 139[0m
[0mGET / [33m404 [0m0.633 ms - 139[0m
[0mGET / [33m404 [0m0.311 ms - 139[0m
[0mGET / [33m404 [0m0.313 ms - 139[0m
[0mGET / [33m404 [0m0.310 ms - 139[0m
[0mGET / [33m404 [0m0.338 ms - 139[0m
[0mGET / [33m404 [0m0.318 ms - 139[0m
[0mGET / [33m404 [0m0.343 ms - 139[0m
[0mGET / [33m404 [0m0.320 ms - 139[0m
[0mGET / [33m404 [0m0.319 ms - 139[0m
[0mGET / [33m404 [0m0.405 ms - 139[0m
[0mGET / [33m404 [0m0.576 ms - 139[0m
[0mGET / [33m404 [0m0.329 ms - 139[0m
[0mGET / [33m404 [0m0.326 ms - 139[0m
[0mGET / [33m404 [0m0.309 ms - 139[0m
[0mGET / [33m404 [0m0.321 ms - 139[0m
[0mGET / [33m404 [0m0.314 ms - 139[0m
[0mGET / [33m404 [0m0.310 ms - 139[0m
[0mGET / [33m404 [0m0.328 ms - 139[0m
[0mGET / [33m404 [0m0.247 ms - 139[0m
[0mGET / [33m404 [0m0.453 ms - 139[0m
[0mGET / [33m404 [0m1.061 ms - 139[0m
[0mGET / [33m404 [0m0.318 ms - 139[0m
[0mGET / [33m404 [0m0.324 ms - 139[0m
[0mGET / [33m404 [0m0.314 ms - 139[0m
[0mGET / [33m404 [0m0.343 ms - 139[0m
[0mGET / [33m404 [0m0.313 ms - 139[0m
[0mGET / [33m404 [0m0.412 ms - 139[0m
[0mGET / [33m404 [0m0.343 ms - 139[0m
[0mGET / [33m404 [0m0.309 ms - 139[0m
[0mGET / [33m404 [0m0.449 ms - 139[0m
[0mGET / [33m404 [0m0.758 ms - 139[0m
[0mGET / [33m404 [0m0.310 ms - 139[0m
[0mGET / [33m404 [0m0.281 ms - 139[0m
[0mGET / [33m404 [0m0.311 ms - 139[0m
[0mGET / [33m404 [0m0.286 ms - 139[0m
[0mGET / [33m404 [0m0.280 ms - 139[0m
[0mGET / [33m404 [0m0.315 ms - 139[0m
[0mGET / [33m404 [0m0.874 ms - 139[0m
[0mGET / [33m404 [0m0.910 ms - 139[0m
[0mGET / [33m404 [0m0.672 ms - 139[0m
[0mGET / [33m404 [0m0.940 ms - 139[0m
[0mGET / [33m404 [0m0.486 ms - 139[0m
[0mGET / [33m404 [0m0.470 ms - 139[0m
[0mGET / [33m404 [0m1.010 ms - 139[0m
[0mGET / [33m404 [0m0.489 ms - 139[0m
[0mGET / [33m404 [0m0.506 ms - 139[0m
[0mGET / [33m404 [0m0.485 ms - 139[0m
[0mGET / [33m404 [0m0.476 ms - 139[0m
[0mGET / [33m404 [0m0.470 ms - 139[0m
[0mGET / [33m404 [0m0.498 ms - 139[0m
[0mGET / [33m404 [0m0.496 ms - 139[0m
[0mGET / [33m404 [0m0.493 ms - 139[0m
[0mGET / [33m404 [0m0.476 ms - 139[0m
[0mGET / [33m404 [0m0.469 ms - 139[0m
[0mGET / [33m404 [0m0.496 ms - 139[0m
[0mGET / [33m404 [0m0.493 ms - 139[0m
[0mGET / [33m404 [0m0.495 ms - 139[0m
[0mGET / [33m404 [0m0.489 ms - 139[0m
[0mGET / [33m404 [0m0.474 ms - 139[0m
[0mGET / [33m404 [0m0.608 ms - 139[0m
[0mGET / [33m404 [0m1.003 ms - 139[0m
[0mGET / [33m404 [0m0.487 ms - 139[0m
[0mGET / [33m404 [0m0.477 ms - 139[0m
[0mGET / [33m404 [0m0.480 ms - 139[0m
[0mGET / [33m404 [0m0.486 ms - 139[0m
[0mGET / [33m404 [0m0.532 ms - 139[0m
[0mGET / [33m404 [0m0.508 ms - 139[0m
[0mGET / [33m404 [0m2.826 ms - 139[0m
[0mGET / [33m404 [0m1.294 ms - 139[0m
[0mGET / [33m404 [0m0.914 ms - 139[0m
[0mGET / [33m404 [0m1.088 ms - 139[0m
[0mGET / [33m404 [0m0.475 ms - 139[0m
[0mGET / [33m404 [0m0.467 ms - 139[0m
[0mGET / [33m404 [0m0.463 ms - 139[0m
[0mGET / [33m404 [0m0.485 ms - 139[0m
[0mGET / [33m404 [0m0.485 ms - 139[0m
[0mGET / [33m404 [0m0.475 ms - 139[0m
[0mGET / [33m404 [0m0.482 ms - 139[0m
[0mGET / [33m404 [0m0.461 ms - 139[0m
[0mGET / [33m404 [0m0.756 ms - 139[0m
[0mGET / [33m404 [0m0.980 ms - 139[0m
[0mGET / [33m404 [0m0.477 ms - 139[0m
[0mGET / [33m404 [0m0.462 ms - 139[0m
[0mGET / [33m404 [0m0.471 ms - 139[0m
[0mGET / [33m404 [0m0.408 ms - 139[0m
[0mGET / [33m404 [0m0.474 ms - 139[0m
[0mGET / [33m404 [0m0.475 ms - 139[0m
[0mGET / [33m404 [0m0.480 ms - 139[0m
[0mGET / [33m404 [0m0.439 ms - 139[0m
[0mGET / [33m404 [0m0.770 ms - 139[0m
[0mGET / [33m404 [0m0.989 ms - 139[0m
[0mGET / [33m404 [0m0.837 ms - 139[0m
[0mGET / [33m404 [0m0.915 ms - 139[0m
[0mGET / [33m404 [0m0.432 ms - 139[0m
[0mGET / [33m404 [0m0.476 ms - 139[0m
[0mGET / [33m404 [0m0.474 ms - 139[0m
[0mGET / [33m404 [0m0.452 ms - 139[0m
[0mGET / [33m404 [0m0.796 ms - 139[0m
[0mGET / [33m404 [0m0.966 ms - 139[0m
[0mGET / [33m404 [0m0.483 ms - 139[0m
[0mGET / [33m404 [0m0.302 ms - 139[0m
[0mGET / [33m404 [0m0.536 ms - 139[0m
[0mGET / [33m404 [0m0.651 ms - 139[0m
[0mGET / [33m404 [0m0.315 ms - 139[0m
[0mGET / [33m404 [0m0.952 ms - 139[0m
[0mGET / [33m404 [0m0.494 ms - 139[0m
[0mGET / [33m404 [0m0.506 ms - 139[0m
[0mGET / [33m404 [0m0.915 ms - 139[0m
[0mGET / [33m404 [0m0.452 ms - 139[0m
[0mGET / [33m404 [0m0.803 ms - 139[0m
[0mGET / [33m404 [0m0.858 ms - 139[0m
[0mGET / [33m404 [0m0.464 ms - 139[0m
[0mGET / [33m404 [0m0.458 ms - 139[0m
[0mGET / [33m404 [0m0.456 ms - 139[0m
[0mGET / [33m404 [0m0.490 ms - 139[0m
[0mGET / [33m404 [0m0.470 ms - 139[0m
[0mGET / [33m404 [0m0.469 ms - 139[0m
[0mGET / [33m404 [0m1.551 ms - 139[0m
[0mGET / [33m404 [0m1.068 ms - 139[0m
[0mGET / [33m404 [0m0.647 ms - 139[0m
[0mGET / [33m404 [0m0.943 ms - 139[0m
[0mGET / [33m404 [0m0.853 ms - 139[0m
[0mGET / [33m404 [0m0.889 ms - 139[0m
[0mGET / [33m404 [0m0.881 ms - 139[0m
[0mGET / [33m404 [0m0.472 ms - 139[0m
[0mGET / [33m404 [0m0.464 ms - 139[0m
[0mGET / [33m404 [0m0.466 ms - 139[0m
[0mGET / [33m404 [0m0.464 ms - 139[0m
[0mGET / [33m404 [0m0.450 ms - 139[0m
[0mGET / [33m404 [0m0.611 ms - 139[0m
[0mGET / [33m404 [0m0.668 ms - 139[0m
[0mGET / [33m404 [0m0.465 ms - 139[0m
[0mGET / [33m404 [0m0.448 ms - 139[0m
[0mGET / [33m404 [0m0.461 ms - 139[0m
[0mGET / [33m404 [0m0.434 ms - 139[0m
[0mGET / [33m404 [0m0.534 ms - 139[0m
[0mGET / [33m404 [0m0.319 ms - 139[0m
[0mGET / [33m404 [0m0.321 ms - 139[0m
[0mGET / [33m404 [0m0.265 ms - 139[0m
[0mGET / [33m404 [0m0.569 ms - 139[0m
[0mGET / [33m404 [0m0.652 ms - 139[0m
[0mGET / [33m404 [0m0.335 ms - 139[0m
[0mGET / [33m404 [0m0.629 ms - 139[0m
[0mGET / [33m404 [0m0.298 ms - 139[0m
[0mGET / [33m404 [0m0.293 ms - 139[0m
[0mGET / [33m404 [0m0.300 ms - 139[0m
[0mGET / [33m404 [0m0.253 ms - 139[0m
[0mGET / [33m404 [0m0.637 ms - 139[0m
[0mGET / [33m404 [0m0.273 ms - 139[0m
[0mGET / [33m404 [0m0.377 ms - 139[0m
[0mGET / [33m404 [0m0.355 ms - 139[0m
[0mGET / [33m404 [0m0.321 ms - 139[0m
[0mGET / [33m404 [0m0.321 ms - 139[0m
[0mGET / [33m404 [0m0.306 ms - 139[0m
[0mGET / [33m404 [0m0.329 ms - 139[0m
[0mGET / [33m404 [0m0.333 ms - 139[0m
[0mGET / [33m404 [0m0.586 ms - 139[0m
[0mGET / [33m404 [0m0.332 ms - 139[0m
[0mGET / [33m404 [0m0.324 ms - 139[0m
[0mGET / [33m404 [0m1.002 ms - 139[0m
[0mGET / [33m404 [0m1.098 ms - 139[0m
[0mGET / [33m404 [0m0.569 ms - 139[0m
[0mGET / [33m404 [0m0.522 ms - 139[0m
[0mGET / [33m404 [0m1.103 ms - 139[0m
[0mGET / [33m404 [0m0.565 ms - 139[0m
[0mGET / [33m404 [0m0.553 ms - 139[0m
[0mGET / [33m404 [0m0.535 ms - 139[0m
[0mGET / [33m404 [0m0.655 ms - 139[0m
[0mGET / [33m404 [0m0.522 ms - 139[0m
[0mGET / [33m404 [0m0.938 ms - 139[0m
[0mGET / [33m404 [0m1.059 ms - 139[0m
[0mGET / [33m404 [0m0.577 ms - 139[0m
[0mGET / [33m404 [0m0.662 ms - 139[0m
[0mGET / [33m404 [0m0.573 ms - 139[0m
[0mGET / [33m404 [0m0.569 ms - 139[0m
[0mGET / [33m404 [0m0.548 ms - 139[0m
[0mGET / [33m404 [0m0.569 ms - 139[0m
[0mGET / [33m404 [0m0.566 ms - 139[0m
[0mGET / [33m404 [0m1.513 ms - 139[0m
[0mGET / [33m404 [0m1.960 ms - 139[0m
[0mGET / [33m404 [0m1.291 ms - 139[0m
[0mGET / [33m404 [0m0.960 ms - 139[0m
[0mGET / [33m404 [0m1.128 ms - 139[0m
[0mGET / [33m404 [0m0.336 ms - 139[0m
[0mGET / [33m404 [0m0.354 ms - 139[0m
[0mGET / [33m404 [0m0.336 ms - 139[0m
[0mGET / [33m404 [0m0.388 ms - 139[0m
[0mGET / [33m404 [0m0.352 ms - 139[0m
[0mGET / [33m404 [0m0.321 ms - 139[0m
[0mGET / [33m404 [0m0.541 ms - 139[0m
[0mGET / [33m404 [0m0.701 ms - 139[0m
[0mGET / [33m404 [0m0.365 ms - 139[0m
[0mGET / [33m404 [0m0.332 ms - 139[0m
[0mGET / [33m404 [0m0.363 ms - 139[0m
[0mGET / [33m404 [0m0.356 ms - 139[0m
[0mGET / [33m404 [0m0.359 ms - 139[0m
[0mGET / [33m404 [0m0.362 ms - 139[0m
[0mGET / [33m404 [0m0.373 ms - 139[0m
[0mGET / [33m404 [0m0.322 ms - 139[0m
[0mGET / [33m404 [0m0.427 ms - 139[0m
[0mGET / [33m404 [0m0.752 ms - 139[0m
[0mGET / [33m404 [0m0.651 ms - 139[0m
[0mGET / [33m404 [0m0.680 ms - 139[0m
[0mGET / [33m404 [0m0.553 ms - 139[0m
[0mGET / [33m404 [0m0.625 ms - 139[0m
[0mGET / [33m404 [0m0.630 ms - 139[0m
[0mGET / [33m404 [0m0.639 ms - 139[0m
[0mGET / [33m404 [0m1.088 ms - 139[0m
[0mGET / [33m404 [0m1.195 ms - 139[0m
[0mGET / [33m404 [0m1.072 ms - 139[0m
[0mGET / [33m404 [0m1.269 ms - 139[0m
[0mGET / [33m404 [0m0.624 ms - 139[0m
[0mGET / [33m404 [0m1.650 ms - 139[0m
[0mGET / [33m404 [0m1.878 ms - 139[0m
[0mGET / [33m404 [0m0.648 ms - 139[0m
[0mGET / [33m404 [0m0.622 ms - 139[0m
[0mGET / [33m404 [0m0.577 ms - 139[0m
[0mGET / [33m404 [0m1.406 ms - 139[0m
[0mGET / [33m404 [0m1.537 ms - 139[0m
[0mGET / [33m404 [0m1.113 ms - 139[0m
[0mGET / [33m404 [0m1.283 ms - 139[0m
[0mGET / [33m404 [0m0.624 ms - 139[0m
[0mGET / [33m404 [0m1.181 ms - 139[0m
[0mGET / [33m404 [0m1.450 ms - 139[0m
[0mGET / [33m404 [0m0.625 ms - 139[0m
[0mGET / [33m404 [0m0.604 ms - 139[0m
[0mGET / [33m404 [0m0.621 ms - 139[0m
[0mGET / [33m404 [0m0.567 ms - 139[0m
[0mGET / [33m404 [0m0.566 ms - 139[0m
[0mGET / [33m404 [0m1.075 ms - 139[0m
[0mGET / [33m404 [0m1.298 ms - 139[0m
[0mGET / [33m404 [0m0.563 ms - 139[0m
[0mGET / [33m404 [0m0.518 ms - 139[0m
[0mGET / [33m404 [0m0.597 ms - 139[0m
[0mGET / [33m404 [0m1.952 ms - 139[0m
[0mGET / [33m404 [0m0.618 ms - 139[0m
[0mGET / [33m404 [0m0.600 ms - 139[0m
[0mGET / [33m404 [0m1.096 ms - 139[0m
[0mGET / [33m404 [0m1.166 ms - 139[0m
[0mGET / [33m404 [0m1.322 ms - 139[0m
[0mGET / [33m404 [0m0.334 ms - 139[0m
[0mGET / [33m404 [0m0.284 ms - 139[0m
[0mGET / [33m404 [0m0.278 ms - 139[0m
[0mGET / [33m404 [0m1.950 ms - 139[0m
[0mGET / [33m404 [0m0.332 ms - 139[0m
[0mGET / [33m404 [0m0.375 ms - 139[0m
[0mGET / [33m404 [0m0.294 ms - 139[0m
[0mGET / [33m404 [0m0.293 ms - 139[0m
[0mGET / [33m404 [0m0.270 ms - 139[0m
[0mGET / [33m404 [0m0.298 ms - 139[0m
[0mGET / [33m404 [0m0.436 ms - 139[0m
[0mGET / [33m404 [0m0.463 ms - 139[0m
[0mGET / [33m404 [0m0.509 ms - 139[0m
[0mGET / [33m404 [0m0.451 ms - 139[0m
[0mGET / [33m404 [0m0.462 ms - 139[0m
[0mGET / [33m404 [0m0.458 ms - 139[0m
[0mGET / [33m404 [0m0.458 ms - 139[0m
[0mGET / [33m404 [0m0.471 ms - 139[0m
[0mGET / [33m404 [0m0.888 ms - 139[0m
[0mGET / [33m404 [0m0.722 ms - 139[0m
[0mGET / [33m404 [0m0.986 ms - 139[0m
[0mGET / [33m404 [0m0.459 ms - 139[0m
[0mGET / [33m404 [0m0.437 ms - 139[0m
[0mGET / [33m404 [0m0.437 ms - 139[0m
[0mGET / [33m404 [0m0.471 ms - 139[0m
[0mGET / [33m404 [0m0.453 ms - 139[0m
[0mGET / [33m404 [0m0.458 ms - 139[0m
[0mGET / [33m404 [0m0.459 ms - 139[0m
[0mGET / [33m404 [0m0.443 ms - 139[0m
[0mGET / [33m404 [0m0.943 ms - 139[0m
[0mGET / [33m404 [0m0.907 ms - 139[0m
[0mGET / [33m404 [0m0.432 ms - 139[0m
[0mGET / [33m404 [0m0.461 ms - 139[0m
[0mGET / [33m404 [0m0.448 ms - 139[0m
[0mGET / [33m404 [0m0.473 ms - 139[0m
[0mGET / [33m404 [0m1.507 ms - 139[0m
[0mGET / [33m404 [0m0.460 ms - 139[0m
[0mGET / [33m404 [0m0.738 ms - 139[0m
[0mGET / [33m404 [0m0.921 ms - 139[0m
[0mGET / [33m404 [0m0.583 ms - 139[0m
[0mGET / [33m404 [0m0.900 ms - 139[0m
[0mGET / [33m404 [0m0.836 ms - 139[0m
[0mGET / [33m404 [0m0.829 ms - 139[0m
[0mGET / [33m404 [0m0.456 ms - 139[0m
[0mGET / [33m404 [0m0.440 ms - 139[0m
[0mGET / [33m404 [0m0.460 ms - 139[0m
[0mGET / [33m404 [0m0.457 ms - 139[0m
[0mGET / [33m404 [0m0.435 ms - 139[0m
[0mGET / [33m404 [0m0.389 ms - 139[0m
[0mGET / [33m404 [0m0.772 ms - 139[0m
[0mGET / [33m404 [0m0.913 ms - 139[0m
[0mGET / [33m404 [0m0.459 ms - 139[0m
[0mGET / [33m404 [0m0.442 ms - 139[0m
[0mGET / [33m404 [0m0.444 ms - 139[0m
[0mGET / [33m404 [0m0.462 ms - 139[0m
[0mGET / [33m404 [0m0.460 ms - 139[0m
[0mGET / [33m404 [0m0.448 ms - 139[0m
[0mGET / [33m404 [0m0.418 ms - 139[0m
[0mGET / [33m404 [0m0.569 ms - 139[0m
[0mGET / [33m404 [0m0.463 ms - 139[0m
[0mGET / [33m404 [0m0.446 ms - 139[0m
[0mGET / [33m404 [0m0.444 ms - 139[0m
[0mGET / [33m404 [0m0.456 ms - 139[0m
[0mGET / [33m404 [0m0.465 ms - 139[0m
[0mGET / [33m404 [0m0.459 ms - 139[0m
[0mGET / [33m404 [0m0.462 ms - 139[0m
[0mGET / [33m404 [0m0.418 ms - 139[0m
[0mGET / [33m404 [0m0.456 ms - 139[0m
[0mGET / [33m404 [0m0.457 ms - 139[0m
[0mGET / [33m404 [0m0.881 ms - 139[0m
[0mGET / [33m404 [0m0.886 ms - 139[0m
[0mGET / [33m404 [0m0.550 ms - 139[0m
[0mGET / [33m404 [0m0.796 ms - 139[0m
[0mGET / [33m404 [0m0.456 ms - 139[0m
[0mGET / [33m404 [0m0.459 ms - 139[0m
[0mGET / [33m404 [0m0.882 ms - 139[0m
[0mGET / [33m404 [0m0.858 ms - 139[0m
[0mGET / [33m404 [0m0.761 ms - 139[0m
[0mGET / [33m404 [0m0.854 ms - 139[0m
[0mGET / [33m404 [0m0.796 ms - 139[0m
[0mGET / [33m404 [0m0.946 ms - 139[0m
[0mGET / [33m404 [0m0.441 ms - 139[0m
[0mGET / [33m404 [0m0.465 ms - 139[0m
[0mGET / [33m404 [0m0.462 ms - 139[0m
[0mGET / [33m404 [0m0.452 ms - 139[0m
[0mGET / [33m404 [0m0.723 ms - 139[0m
[0mGET / [33m404 [0m0.919 ms - 139[0m
[0mGET / [33m404 [0m0.551 ms - 139[0m
[0mGET / [33m404 [0m0.837 ms - 139[0m
[0mGET / [33m404 [0m0.438 ms - 139[0m
[0mGET / [33m404 [0m0.375 ms - 139[0m
[0mGET / [33m404 [0m0.436 ms - 139[0m
[0mGET / [33m404 [0m0.457 ms - 139[0m
[0mGET / [33m404 [0m0.458 ms - 139[0m
[0mGET / [33m404 [0m0.435 ms - 139[0m
[0mGET / [33m404 [0m0.441 ms - 139[0m
[0mGET / [33m404 [0m0.445 ms - 139[0m
[0mGET / [33m404 [0m0.984 ms - 139[0m
[0mGET / [33m404 [0m1.015 ms - 139[0m
[0mGET / [33m404 [0m0.458 ms - 139[0m
[0mGET / [33m404 [0m0.443 ms - 139[0m
[0mGET / [33m404 [0m0.442 ms - 139[0m
[0mGET / [33m404 [0m0.455 ms - 139[0m
[0mGET / [33m404 [0m0.456 ms - 139[0m
[0mGET / [33m404 [0m0.466 ms - 139[0m
[0mGET / [33m404 [0m0.513 ms - 139[0m
[0mGET / [33m404 [0m0.434 ms - 139[0m
[0mGET / [33m404 [0m0.454 ms - 139[0m
[0mGET / [33m404 [0m0.417 ms - 139[0m
[0mGET / [33m404 [0m0.320 ms - 139[0m
[0mGET / [33m404 [0m0.318 ms - 139[0m
[0mGET / [33m404 [0m0.270 ms - 139[0m
[0mGET / [33m404 [0m0.291 ms - 139[0m
[0mGET / [33m404 [0m0.290 ms - 139[0m
[0mGET / [33m404 [0m0.284 ms - 139[0m
[0mGET / [33m404 [0m0.286 ms - 139[0m
[0mGET / [33m404 [0m0.266 ms - 139[0m
[0mGET / [33m404 [0m0.521 ms - 139[0m
[0mGET / [33m404 [0m0.310 ms - 139[0m
[0mGET / [33m404 [0m0.481 ms - 139[0m
[0mGET / [33m404 [0m0.591 ms - 139[0m
[0mGET / [33m404 [0m0.330 ms - 139[0m
[0mGET / [33m404 [0m0.313 ms - 139[0m
[0mGET / [33m404 [0m0.367 ms - 139[0m
[0mGET / [33m404 [0m0.288 ms - 139[0m
[0mGET / [33m404 [0m0.293 ms - 139[0m
[0mGET / [33m404 [0m0.259 ms - 139[0m
[0mGET / [33m404 [0m0.321 ms - 139[0m
[0mGET / [33m404 [0m0.253 ms - 139[0m
[0mGET / [33m404 [0m0.306 ms - 139[0m
[0mGET / [33m404 [0m0.314 ms - 139[0m
[0mGET / [33m404 [0m0.294 ms - 139[0m
[0mGET / [33m404 [0m0.299 ms - 139[0m
[0mGET / [33m404 [0m0.301 ms - 139[0m
[0mGET / [33m404 [0m0.294 ms - 139[0m
[0mGET / [33m404 [0m0.700 ms - 139[0m
[0mGET / [33m404 [0m0.302 ms - 139[0m
[0mGET / [33m404 [0m0.473 ms - 139[0m
[0mGET / [33m404 [0m0.578 ms - 139[0m
[0mGET / [33m404 [0m0.307 ms - 139[0m
[0mGET / [33m404 [0m0.295 ms - 139[0m
[0mGET / [33m404 [0m0.307 ms - 139[0m
[0mGET / [33m404 [0m0.304 ms - 139[0m
[0mGET / [33m404 [0m0.299 ms - 139[0m
[0mGET / [33m404 [0m0.240 ms - 139[0m
[0mGET / [33m404 [0m0.315 ms - 139[0m
[0mGET / [33m404 [0m0.294 ms - 139[0m
[0mGET / [33m404 [0m0.300 ms - 139[0m
[0mGET / [33m404 [0m0.293 ms - 139[0m
[0mGET / [33m404 [0m0.303 ms - 139[0m
[0mGET / [33m404 [0m0.512 ms - 139[0m
[0mGET / [33m404 [0m0.653 ms - 139[0m
[0mGET / [33m404 [0m0.318 ms - 139[0m
[0mGET / [33m404 [0m0.291 ms - 139[0m
[0mGET / [33m404 [0m0.294 ms - 139[0m
[0mGET / [33m404 [0m0.269 ms - 139[0m
[0mGET / [33m404 [0m0.292 ms - 139[0m
[0mGET / [33m404 [0m0.293 ms - 139[0m
[0mGET / [33m404 [0m0.331 ms - 139[0m
[0mGET / [33m404 [0m0.292 ms - 139[0m
[0mGET / [33m404 [0m0.295 ms - 139[0m
[0mGET / [33m404 [0m0.368 ms - 139[0m
[0mGET / [33m404 [0m0.291 ms - 139[0m
[0mGET / [33m404 [0m0.294 ms - 139[0m
[0mGET / [33m404 [0m0.291 ms - 139[0m
[0mGET / [33m404 [0m0.293 ms - 139[0m
[0mGET / [33m404 [0m0.256 ms - 139[0m
[0mGET / [33m404 [0m0.483 ms - 139[0m
[0mGET / [33m404 [0m0.560 ms - 139[0m
[0mGET / [33m404 [0m0.495 ms - 139[0m
[0mGET / [33m404 [0m0.465 ms - 139[0m
[0mGET / [33m404 [0m0.464 ms - 139[0m
[0mGET / [33m404 [0m3.454 ms - 139[0m
[0mGET / [33m404 [0m3.581 ms - 139[0m
[0mGET / [33m404 [0m0.821 ms - 139[0m
[0mGET / [33m404 [0m0.954 ms - 139[0m
[0mGET / [33m404 [0m0.447 ms - 139[0m
[0mGET / [33m404 [0m0.467 ms - 139[0m
[0mGET / [33m404 [0m0.455 ms - 139[0m
[0mGET / [33m404 [0m0.457 ms - 139[0m
[0mGET / [33m404 [0m0.455 ms - 139[0m
[0mGET / [33m404 [0m0.478 ms - 139[0m
[0mGET / [33m404 [0m0.458 ms - 139[0m
[0mGET / [33m404 [0m0.443 ms - 139[0m
[0mGET / [33m404 [0m0.450 ms - 139[0m
[0mGET / [33m404 [0m0.438 ms - 139[0m
[0mGET / [33m404 [0m0.457 ms - 139[0m
[0mGET / [33m404 [0m0.867 ms - 139[0m
[0mGET / [33m404 [0m0.438 ms - 139[0m
[0mGET / [33m404 [0m0.477 ms - 139[0m
[0mGET / [33m404 [0m0.474 ms - 139[0m
[0mGET / [33m404 [0m0.459 ms - 139[0m
[0mGET / [33m404 [0m0.459 ms - 139[0m
[0mGET / [33m404 [0m0.457 ms - 139[0m
[0mGET / [33m404 [0m0.556 ms - 139[0m
[0mGET / [33m404 [0m0.940 ms - 139[0m
[0mGET / [33m404 [0m0.464 ms - 139[0m
[0mGET / [33m404 [0m0.448 ms - 139[0m
[0mGET / [33m404 [0m0.459 ms - 139[0m
[0mGET / [33m404 [0m0.466 ms - 139[0m
[0mGET / [33m404 [0m0.476 ms - 139[0m
[0mGET / [33m404 [0m0.463 ms - 139[0m
[0mGET / [33m404 [0m0.788 ms - 139[0m
[0mGET / [33m404 [0m0.864 ms - 139[0m
[0mGET / [33m404 [0m0.879 ms - 139[0m
[0mGET / [33m404 [0m1.140 ms - 139[0m
[0mGET / [33m404 [0m0.548 ms - 139[0m
[0mGET / [33m404 [0m0.741 ms - 139[0m
[0mGET / [33m404 [0m0.867 ms - 139[0m
[0mGET / [33m404 [0m0.474 ms - 139[0m
[0mGET / [33m404 [0m0.807 ms - 139[0m
[0mGET / [33m404 [0m0.907 ms - 139[0m
[0mGET / [33m404 [0m0.464 ms - 139[0m
[0mGET / [33m404 [0m0.429 ms - 139[0m
[0mGET / [33m404 [0m0.580 ms - 139[0m
[0mGET / [33m404 [0m0.866 ms - 139[0m
[0mGET / [33m404 [0m0.470 ms - 139[0m
[0mGET / [33m404 [0m0.447 ms - 139[0m
[0mGET / [33m404 [0m0.451 ms - 139[0m
[0mGET / [33m404 [0m0.470 ms - 139[0m
[0mGET / [33m404 [0m0.450 ms - 139[0m
[0mGET / [33m404 [0m0.464 ms - 139[0m
[0mGET / [33m404 [0m0.464 ms - 139[0m
[0mGET / [33m404 [0m0.441 ms - 139[0m
[0mGET / [33m404 [0m0.467 ms - 139[0m
[0mGET / [33m404 [0m0.321 ms - 139[0m
[0mGET / [33m404 [0m0.314 ms - 139[0m
[0mGET / [33m404 [0m0.316 ms - 139[0m
[0mGET / [33m404 [0m0.294 ms - 139[0m
[0mGET / [33m404 [0m0.319 ms - 139[0m
[0mGET / [33m404 [0m0.314 ms - 139[0m
[0mGET / [33m404 [0m0.318 ms - 139[0m
[0mGET / [33m404 [0m0.468 ms - 139[0m
[0mGET / [33m404 [0m0.446 ms - 139[0m
[0mGET / [33m404 [0m0.751 ms - 139[0m
[0mGET / [33m404 [0m1.043 ms - 139[0m
[0mGET / [33m404 [0m0.469 ms - 139[0m
[0mGET / [33m404 [0m0.453 ms - 139[0m
[0mGET / [33m404 [0m0.446 ms - 139[0m
[0mGET / [33m404 [0m0.479 ms - 139[0m
[0mGET / [33m404 [0m0.470 ms - 139[0m
[0mGET / [33m404 [0m0.475 ms - 139[0m
[0mGET / [33m404 [0m0.459 ms - 139[0m
[0mGET / [33m404 [0m0.453 ms - 139[0m
[0mGET / [33m404 [0m0.472 ms - 139[0m
[0mGET / [33m404 [0m0.437 ms - 139[0m
[0mGET / [33m404 [0m0.471 ms - 139[0m
[0mGET / [33m404 [0m0.427 ms - 139[0m
[0mGET / [33m404 [0m0.483 ms - 139[0m
[0mGET / [33m404 [0m0.417 ms - 139[0m
[0mGET / [33m404 [0m0.424 ms - 139[0m
[0mGET / [33m404 [0m0.599 ms - 139[0m
[0mGET / [33m404 [0m0.496 ms - 139[0m
[0mGET / [33m404 [0m0.452 ms - 139[0m
[0mGET / [33m404 [0m0.467 ms - 139[0m
[0mGET / [33m404 [0m0.583 ms - 139[0m
[0mGET / [33m404 [0m0.248 ms - 139[0m
[0mGET / [33m404 [0m0.262 ms - 139[0m
[0mGET / [33m404 [0m0.300 ms - 139[0m
[0mGET / [33m404 [0m0.297 ms - 139[0m
[0mGET / [33m404 [0m0.313 ms - 139[0m
[0mGET / [33m404 [0m0.442 ms - 139[0m
[0mGET / [33m404 [0m0.489 ms - 139[0m
[0mGET / [33m404 [0m0.562 ms - 139[0m
[0mGET / [33m404 [0m0.256 ms - 139[0m
[0mGET / [33m404 [0m0.392 ms - 139[0m
[0mGET / [33m404 [0m0.297 ms - 139[0m
[0mGET / [33m404 [0m0.297 ms - 139[0m
[0mGET / [33m404 [0m0.299 ms - 139[0m
[0mGET / [33m404 [0m0.297 ms - 139[0m
[0mGET / [33m404 [0m0.290 ms - 139[0m
[0mGET / [33m404 [0m0.306 ms - 139[0m
[0mGET / [33m404 [0m0.309 ms - 139[0m
[0mGET / [33m404 [0m0.300 ms - 139[0m
[0mGET / [33m404 [0m0.405 ms - 139[0m
[0mGET / [33m404 [0m0.544 ms - 139[0m
[0mGET / [33m404 [0m0.300 ms - 139[0m
[0mGET / [33m404 [0m0.299 ms - 139[0m
[0mGET / [33m404 [0m0.296 ms - 139[0m
[0mGET / [33m404 [0m0.297 ms - 139[0m
[0mGET / [33m404 [0m0.326 ms - 139[0m
[0mGET / [33m404 [0m0.295 ms - 139[0m
[0mGET / [33m404 [0m0.547 ms - 139[0m
[0mGET / [33m404 [0m0.650 ms - 139[0m
[0mGET / [33m404 [0m0.372 ms - 139[0m
[0mGET / [33m404 [0m0.597 ms - 139[0m
[0mGET / [33m404 [0m0.315 ms - 139[0m
[0mGET / [33m404 [0m1.186 ms - 139[0m
[0mGET / [33m404 [0m1.322 ms - 139[0m
[0mGET / [33m404 [0m0.308 ms - 139[0m
[0mGET / [33m404 [0m0.291 ms - 139[0m
[0mGET / [33m404 [0m0.310 ms - 139[0m
[0mGET / [33m404 [0m0.572 ms - 139[0m
[0mGET / [33m404 [0m0.629 ms - 139[0m
[0mGET / [33m404 [0m0.456 ms - 139[0m
[0mGET / [33m404 [0m0.296 ms - 139[0m
[0mGET / [33m404 [0m0.285 ms - 139[0m
[0mGET / [33m404 [0m0.258 ms - 139[0m
[0mGET / [33m404 [0m0.284 ms - 139[0m
[0mGET / [33m404 [0m0.282 ms - 139[0m
[0mGET / [33m404 [0m0.448 ms - 139[0m
[0mGET / [33m404 [0m0.445 ms - 139[0m
[0mGET / [33m404 [0m0.447 ms - 139[0m
[0mGET / [33m404 [0m0.425 ms - 139[0m
[0mGET / [33m404 [0m0.773 ms - 139[0m
[0mGET / [33m404 [0m0.883 ms - 139[0m
[0mGET / [33m404 [0m0.424 ms - 139[0m
[0mGET / [33m404 [0m0.751 ms - 139[0m
[0mGET / [33m404 [0m0.868 ms - 139[0m
[0mGET / [33m404 [0m0.448 ms - 139[0m
[0mGET / [33m404 [0m0.456 ms - 139[0m
[0mGET / [33m404 [0m0.447 ms - 139[0m
[0mGET / [33m404 [0m0.449 ms - 139[0m
[0mGET / [33m404 [0m0.428 ms - 139[0m
[0mGET / [33m404 [0m0.658 ms - 139[0m
[0mGET / [33m404 [0m0.858 ms - 139[0m
[0mGET / [33m404 [0m0.451 ms - 139[0m
[0mGET / [33m404 [0m0.459 ms - 139[0m
[0mGET / [33m404 [0m1.616 ms - 139[0m
[0mGET / [33m404 [0m0.389 ms - 139[0m
[0mGET / [33m404 [0m0.456 ms - 139[0m
[0mGET / [33m404 [0m0.420 ms - 139[0m
[0mGET / [33m404 [0m0.439 ms - 139[0m
[0mGET / [33m404 [0m0.418 ms - 139[0m
[0mGET / [33m404 [0m0.640 ms - 139[0m
[0mGET / [33m404 [0m0.875 ms - 139[0m
[0mGET / [33m404 [0m0.469 ms - 139[0m
[0mGET / [33m404 [0m0.356 ms - 139[0m
[0mGET / [33m404 [0m0.412 ms - 139[0m
[0mGET / [33m404 [0m0.441 ms - 139[0m
[0mGET / [33m404 [0m0.460 ms - 139[0m
[0mGET / [33m404 [0m0.466 ms - 139[0m
[0mGET / [33m404 [0m0.460 ms - 139[0m
[0mGET / [33m404 [0m0.446 ms - 139[0m
[0mGET / [33m404 [0m0.693 ms - 139[0m
[0mGET / [33m404 [0m0.969 ms - 139[0m
[0mGET / [33m404 [0m0.457 ms - 139[0m
[0mGET / [33m404 [0m0.968 ms - 139[0m
[0mGET / [33m404 [0m0.434 ms - 139[0m
[0mGET / [33m404 [0m0.450 ms - 139[0m
[0mGET / [33m404 [0m0.449 ms - 139[0m
[0mGET / [33m404 [0m0.481 ms - 139[0m
[0mGET / [33m404 [0m0.458 ms - 139[0m
[0mGET / [33m404 [0m0.406 ms - 139[0m
[0mGET / [33m404 [0m0.683 ms - 139[0m
[0mGET / [33m404 [0m0.929 ms - 139[0m
[0mGET / [33m404 [0m0.455 ms - 139[0m
[0mGET / [33m404 [0m0.442 ms - 139[0m
[0mGET / [33m404 [0m0.455 ms - 139[0m
[0mGET / [33m404 [0m0.472 ms - 139[0m
[0mGET / [33m404 [0m0.447 ms - 139[0m
[0mGET / [33m404 [0m0.441 ms - 139[0m
[0mGET / [33m404 [0m0.449 ms - 139[0m
[0mGET / [33m404 [0m0.399 ms - 139[0m
[0mGET / [33m404 [0m0.744 ms - 139[0m
[0mGET / [33m404 [0m0.910 ms - 139[0m
[0mGET / [33m404 [0m0.459 ms - 139[0m
[0mGET / [33m404 [0m0.420 ms - 139[0m
[0mGET / [33m404 [0m0.436 ms - 139[0m
[0mGET / [33m404 [0m0.447 ms - 139[0m
[0mGET / [33m404 [0m0.461 ms - 139[0m
[0mGET / [33m404 [0m0.460 ms - 139[0m
[0mGET / [33m404 [0m0.458 ms - 139[0m
[0mGET / [33m404 [0m1.721 ms - 139[0m
[0mGET / [33m404 [0m0.857 ms - 139[0m
[0mGET / [33m404 [0m1.120 ms - 139[0m
[0mGET / [33m404 [0m0.453 ms - 139[0m
[0mGET / [33m404 [0m0.458 ms - 139[0m
[0mGET / [33m404 [0m0.425 ms - 139[0m
[0mGET / [33m404 [0m0.460 ms - 139[0m
[0mGET / [33m404 [0m0.460 ms - 139[0m
[0mGET / [33m404 [0m0.453 ms - 139[0m
[0mGET / [33m404 [0m0.454 ms - 139[0m
[0mGET / [33m404 [0m0.443 ms - 139[0m
[0mGET / [33m404 [0m0.708 ms - 139[0m
[0mGET / [33m404 [0m0.901 ms - 139[0m
[0mGET / [33m404 [0m0.454 ms - 139[0m
[0mGET / [33m404 [0m0.450 ms - 139[0m
[0mGET / [33m404 [0m0.431 ms - 139[0m
[0mGET / [33m404 [0m0.456 ms - 139[0m
[0mGET / [33m404 [0m0.448 ms - 139[0m
[0mGET / [33m404 [0m0.477 ms - 139[0m
[0mGET / [33m404 [0m0.467 ms - 139[0m
[0mGET / [33m404 [0m0.424 ms - 139[0m
[0mGET / [33m404 [0m0.766 ms - 139[0m
[0mGET / [33m404 [0m0.945 ms - 139[0m
[0mGET / [33m404 [0m0.795 ms - 139[0m
[0mGET / [33m404 [0m0.948 ms - 139[0m
[0mGET / [33m404 [0m0.430 ms - 139[0m
[0mGET / [33m404 [0m0.444 ms - 139[0m
[0mGET / [33m404 [0m0.444 ms - 139[0m
[0mGET / [33m404 [0m0.459 ms - 139[0m
[0mGET / [33m404 [0m0.485 ms - 139[0m
[0mGET / [33m404 [0m0.519 ms - 139[0m
[0mGET / [33m404 [0m1.023 ms - 139[0m
[0mGET / [33m404 [0m1.272 ms - 139[0m
[0mGET / [33m404 [0m0.375 ms - 139[0m
[0mGET / [33m404 [0m0.300 ms - 139[0m
[0mGET / [33m404 [0m0.330 ms - 139[0m
[0mGET / [33m404 [0m0.342 ms - 139[0m
[0mGET / [33m404 [0m0.329 ms - 139[0m
[0mGET / [33m404 [0m0.340 ms - 139[0m
[0mGET / [33m404 [0m0.647 ms - 139[0m
[0mGET / [33m404 [0m0.836 ms - 139[0m
[0mGET / [33m404 [0m0.473 ms - 139[0m
[0mGET / [33m404 [0m0.572 ms - 139[0m
[0mGET / [33m404 [0m0.303 ms - 139[0m
[0mGET / [33m404 [0m0.515 ms - 139[0m
[0mGET / [33m404 [0m0.271 ms - 139[0m
[0mGET / [33m404 [0m0.371 ms - 139[0m
[0mGET / [33m404 [0m0.276 ms - 139[0m
[0mGET / [33m404 [0m0.302 ms - 139[0m
[0mGET / [33m404 [0m0.435 ms - 139[0m
[0mGET / [33m404 [0m0.473 ms - 139[0m
[0mGET / [33m404 [0m0.713 ms - 139[0m
[0mGET / [33m404 [0m0.537 ms - 139[0m
[0mGET / [33m404 [0m0.240 ms - 139[0m
[0mGET / [33m404 [0m0.235 ms - 139[0m
[0mGET / [33m404 [0m0.216 ms - 139[0m
[0mGET / [33m404 [0m0.236 ms - 139[0m
[0mGET / [33m404 [0m0.234 ms - 139[0m
[0mGET / [33m404 [0m0.254 ms - 139[0m
[0mGET / [33m404 [0m0.225 ms - 139[0m
[0mGET / [33m404 [0m0.261 ms - 139[0m
[0mGET / [33m404 [0m0.343 ms - 139[0m
[0mGET / [33m404 [0m0.557 ms - 139[0m
[0mGET / [33m404 [0m0.279 ms - 139[0m
[0mGET / [33m404 [0m0.282 ms - 139[0m
[0mGET / [33m404 [0m0.251 ms - 139[0m
[0mGET / [33m404 [0m0.280 ms - 139[0m
[0mGET / [33m404 [0m0.281 ms - 139[0m
[0mGET / [33m404 [0m0.282 ms - 139[0m
[0mGET / [33m404 [0m0.282 ms - 139[0m
[0mGET / [33m404 [0m0.258 ms - 139[0m
[0mGET / [33m404 [0m0.307 ms - 139[0m
[0mGET / [33m404 [0m0.464 ms - 139[0m
[0mGET / [33m404 [0m0.587 ms - 139[0m
[0mGET / [33m404 [0m0.603 ms - 139[0m
[0mGET / [33m404 [0m0.640 ms - 139[0m
[0mGET / [33m404 [0m0.563 ms - 139[0m
[0mGET / [33m404 [0m0.597 ms - 139[0m
[0mGET / [33m404 [0m0.604 ms - 139[0m
[0mGET / [33m404 [0m2.129 ms - 139[0m
[0mGET / [33m404 [0m1.259 ms - 139[0m
[0mGET / [33m404 [0m1.382 ms - 139[0m
[0mGET / [33m404 [0m0.782 ms - 139[0m
[0mGET / [33m404 [0m1.218 ms - 139[0m
[0mGET / [33m404 [0m0.592 ms - 139[0m
[0mGET / [33m404 [0m1.020 ms - 139[0m
[0mGET / [33m404 [0m1.206 ms - 139[0m
[0mGET / [33m404 [0m0.612 ms - 139[0m
[0mGET / [33m404 [0m0.592 ms - 139[0m
[0mGET / [33m404 [0m0.596 ms - 139[0m
[0mGET / [33m404 [0m1.236 ms - 139[0m
[0mGET / [33m404 [0m1.315 ms - 139[0m
[0mGET / [33m404 [0m1.408 ms - 139[0m
[0mGET / [33m404 [0m1.448 ms - 139[0m
[0mGET / [33m404 [0m0.565 ms - 139[0m
[0mGET / [33m404 [0m1.254 ms - 139[0m
[0mGET / [33m404 [0m1.311 ms - 139[0m
[0mGET / [33m404 [0m0.575 ms - 139[0m
[0mGET / [33m404 [0m0.583 ms - 139[0m
[0mGET / [33m404 [0m0.605 ms - 139[0m
[0mGET / [33m404 [0m0.552 ms - 139[0m
[0mGET / [33m404 [0m0.554 ms - 139[0m
[0mGET / [33m404 [0m0.907 ms - 139[0m
[0mGET / [33m404 [0m1.233 ms - 139[0m
[0mGET / [33m404 [0m0.597 ms - 139[0m
[0mGET / [33m404 [0m0.798 ms - 139[0m
[0mGET / [33m404 [0m0.477 ms - 139[0m
[0mGET / [33m404 [0m0.575 ms - 139[0m
[0mGET / [33m404 [0m0.553 ms - 139[0m
[0mGET / [33m404 [0m0.512 ms - 139[0m
[0mGET / [33m404 [0m0.509 ms - 139[0m
[0mGET / [33m404 [0m0.614 ms - 139[0m
[0mGET / [33m404 [0m0.658 ms - 139[0m
[0mGET / [33m404 [0m0.485 ms - 139[0m
[0mGET / [33m404 [0m1.376 ms - 139[0m
[0mGET / [33m404 [0m1.359 ms - 139[0m
[0mGET / [33m404 [0m0.527 ms - 139[0m
[0mGET / [33m404 [0m0.594 ms - 139[0m
[0mGET / [33m404 [0m0.310 ms - 139[0m
[0mGET / [33m404 [0m0.355 ms - 139[0m
[0mGET / [33m404 [0m0.581 ms - 139[0m
[0mGET / [33m404 [0m0.647 ms - 139[0m
[0mGET / [33m404 [0m0.524 ms - 139[0m
[0mGET / [33m404 [0m0.679 ms - 139[0m
[0mGET / [33m404 [0m0.289 ms - 139[0m
[0mGET / [33m404 [0m0.253 ms - 139[0m
[0mGET / [33m404 [0m0.293 ms - 139[0m
[0mGET / [33m404 [0m0.301 ms - 139[0m
[0mGET / [33m404 [0m0.298 ms - 139[0m
[0mGET / [33m404 [0m0.330 ms - 139[0m
[0mGET / [33m404 [0m0.297 ms - 139[0m
[0mGET / [33m404 [0m0.325 ms - 139[0m
[0mGET / [33m404 [0m0.465 ms - 139[0m
[0mGET / [33m404 [0m0.569 ms - 139[0m
[0mGET / [33m404 [0m0.260 ms - 139[0m
[0mGET / [33m404 [0m0.292 ms - 139[0m
[0mGET / [33m404 [0m0.297 ms - 139[0m
[0mGET / [33m404 [0m0.355 ms - 139[0m
[0mGET / [33m404 [0m0.294 ms - 139[0m
[0mGET / [33m404 [0m0.287 ms - 139[0m
[0mGET / [33m404 [0m0.301 ms - 139[0m
[0mGET / [33m404 [0m0.304 ms - 139[0m
[0mGET / [33m404 [0m0.324 ms - 139[0m
[0mGET / [33m404 [0m0.359 ms - 139[0m
[0mGET / [33m404 [0m0.307 ms - 139[0m
[0mGET / [33m404 [0m0.366 ms - 139[0m
[0mGET / [33m404 [0m0.569 ms - 139[0m
[0mGET / [33m404 [0m0.310 ms - 139[0m
[0mGET / [33m404 [0m0.319 ms - 139[0m
[0mGET / [33m404 [0m0.313 ms - 139[0m
[0mGET / [33m404 [0m0.348 ms - 139[0m
[0mGET / [33m404 [0m0.238 ms - 139[0m
[0mGET / [33m404 [0m0.881 ms - 139[0m
[0mGET / [33m404 [0m0.724 ms - 139[0m
[0mGET / [33m404 [0m0.297 ms - 139[0m
[0mGET / [33m404 [0m0.207 ms - 139[0m
[0mGET / [33m404 [0m0.274 ms - 139[0m
[0mGET / [33m404 [0m0.279 ms - 139[0m
[0mGET / [33m404 [0m0.283 ms - 139[0m
[0mGET / [33m404 [0m0.286 ms - 139[0m
[0mGET / [33m404 [0m0.276 ms - 139[0m
[0mGET / [33m404 [0m0.252 ms - 139[0m
[0mGET / [33m404 [0m0.344 ms - 139[0m
[0mGET / [33m404 [0m0.457 ms - 139[0m
[0mGET / [33m404 [0m0.514 ms - 139[0m
[0mGET / [33m404 [0m0.505 ms - 139[0m
[0mGET / [33m404 [0m0.340 ms - 139[0m
[0mGET / [33m404 [0m0.317 ms - 139[0m
[0mGET / [33m404 [0m0.356 ms - 139[0m
[0mGET / [33m404 [0m0.322 ms - 139[0m
[0mGET / [33m404 [0m0.352 ms - 139[0m
[0mGET / [33m404 [0m0.319 ms - 139[0m
[0mGET / [33m404 [0m0.609 ms - 139[0m
[0mGET / [33m404 [0m1.031 ms - 139[0m
[0mGET / [33m404 [0m2.962 ms - 139[0m
[0mGET / [33m404 [0m1.275 ms - 139[0m
[0mGET / [33m404 [0m0.517 ms - 139[0m
[0mGET / [33m404 [0m0.901 ms - 139[0m
[0mGET / [33m404 [0m0.498 ms - 139[0m
[0mGET / [33m404 [0m0.528 ms - 139[0m
[0mGET / [33m404 [0m0.819 ms - 139[0m
[0mGET / [33m404 [0m1.081 ms - 139[0m
[0mGET / [33m404 [0m0.837 ms - 139[0m
[0mGET / [33m404 [0m1.045 ms - 139[0m
[0mGET / [33m404 [0m0.506 ms - 139[0m
[0mGET / [33m404 [0m0.475 ms - 139[0m
[0mGET / [33m404 [0m0.488 ms - 139[0m
[0mGET / [33m404 [0m0.511 ms - 139[0m
[0mGET / [33m404 [0m0.525 ms - 139[0m
[0mGET / [33m404 [0m0.533 ms - 139[0m
[0mGET / [33m404 [0m0.772 ms - 139[0m
[0mGET / [33m404 [0m1.566 ms - 139[0m
[0mGET / [33m404 [0m1.078 ms - 139[0m
[0mGET / [33m404 [0m1.057 ms - 139[0m
[0mGET / [33m404 [0m0.497 ms - 139[0m
[0mGET / [33m404 [0m0.519 ms - 139[0m
[0mGET / [33m404 [0m0.533 ms - 139[0m
[0mGET / [33m404 [0m0.513 ms - 139[0m
[0mGET / [33m404 [0m0.510 ms - 139[0m
[0mGET / [33m404 [0m0.519 ms - 139[0m
[0mGET / [33m404 [0m1.512 ms - 139[0m
[0mGET / [33m404 [0m1.027 ms - 139[0m
[0mGET / [33m404 [0m0.782 ms - 139[0m
[0mGET / [33m404 [0m1.110 ms - 139[0m
[0mGET / [33m404 [0m0.869 ms - 139[0m
[0mGET / [33m404 [0m1.157 ms - 139[0m
[0mGET / [33m404 [0m0.499 ms - 139[0m
[0mGET / [33m404 [0m0.511 ms - 139[0m
[0mGET / [33m404 [0m0.511 ms - 139[0m
[0mGET / [33m404 [0m0.499 ms - 139[0m
[0mGET / [33m404 [0m0.520 ms - 139[0m
[0mGET / [33m404 [0m0.471 ms - 139[0m
[0mGET / [33m404 [0m0.863 ms - 139[0m
[0mGET / [33m404 [0m1.079 ms - 139[0m
[0mGET / [33m404 [0m1.064 ms - 139[0m
[0mGET / [33m404 [0m1.183 ms - 139[0m
[0mGET / [33m404 [0m0.480 ms - 139[0m
[0mGET / [33m404 [0m0.513 ms - 139[0m
[0mGET / [33m404 [0m0.515 ms - 139[0m
[0mGET / [33m404 [0m0.517 ms - 139[0m
[0mGET / [33m404 [0m0.507 ms - 139[0m
[0mGET / [33m404 [0m0.466 ms - 139[0m
[0mGET / [33m404 [0m1.524 ms - 139[0m
[0mGET / [33m404 [0m1.515 ms - 139[0m
[0mGET / [33m404 [0m0.518 ms - 139[0m
[0mGET / [33m404 [0m1.103 ms - 139[0m
[0mGET / [33m404 [0m1.174 ms - 139[0m
[0mGET / [33m404 [0m0.502 ms - 139[0m
[0mGET / [33m404 [0m0.493 ms - 139[0m
[0mGET / [33m404 [0m0.500 ms - 139[0m
[0mGET / [33m404 [0m0.499 ms - 139[0m
[0mGET / [33m404 [0m0.484 ms - 139[0m
[0mGET / [33m404 [0m0.401 ms - 139[0m
[0mGET / [33m404 [0m0.564 ms - 139[0m
[0mGET / [33m404 [0m0.304 ms - 139[0m
[0mGET / [33m404 [0m0.304 ms - 139[0m
[0mGET / [33m404 [0m0.278 ms - 139[0m
[0mGET / [33m404 [0m0.304 ms - 139[0m
[0mGET / [33m404 [0m0.312 ms - 139[0m
[0mGET / [33m404 [0m0.304 ms - 139[0m
[0mGET / [33m404 [0m0.304 ms - 139[0m
[0mGET / [33m404 [0m0.283 ms - 139[0m
[0mGET / [33m404 [0m0.270 ms - 139[0m
[0mGET / [33m404 [0m0.432 ms - 139[0m
[0mGET / [33m404 [0m0.333 ms - 139[0m
[0mGET / [33m404 [0m0.331 ms - 139[0m
[0mGET / [33m404 [0m0.383 ms - 139[0m
[0mGET / [33m404 [0m0.320 ms - 139[0m
[0mGET / [33m404 [0m0.372 ms - 139[0m
[0mGET / [33m404 [0m0.390 ms - 139[0m
[0mGET / [33m404 [0m0.369 ms - 139[0m
[0mGET / [33m404 [0m0.397 ms - 139[0m
[0mGET / [33m404 [0m0.650 ms - 139[0m
[0mGET / [33m404 [0m0.715 ms - 139[0m
[0mGET / [33m404 [0m0.831 ms - 139[0m
[0mGET / [33m404 [0m0.872 ms - 139[0m
[0mGET / [33m404 [0m0.371 ms - 139[0m
[0mGET / [33m404 [0m0.367 ms - 139[0m
[0mGET / [33m404 [0m0.365 ms - 139[0m
[0mGET / [33m404 [0m0.367 ms - 139[0m
[0mGET / [33m404 [0m0.369 ms - 139[0m
[0mGET / [33m404 [0m0.362 ms - 139[0m
[0mGET / [33m404 [0m0.578 ms - 139[0m
[0mGET / [33m404 [0m0.732 ms - 139[0m
[0mGET / [33m404 [0m0.336 ms - 139[0m
[0mGET / [33m404 [0m0.665 ms - 139[0m
[0mGET / [33m404 [0m0.315 ms - 139[0m
[0mGET / [33m404 [0m0.600 ms - 139[0m
[0mGET / [33m404 [0m0.744 ms - 139[0m
[0mGET / [33m404 [0m0.302 ms - 139[0m
[0mGET / [33m404 [0m0.303 ms - 139[0m
[0mGET / [33m404 [0m0.295 ms - 139[0m
[0mGET / [33m404 [0m0.319 ms - 139[0m
[0mGET / [33m404 [0m0.291 ms - 139[0m
[0mGET / [33m404 [0m0.449 ms - 139[0m
[0mGET / [33m404 [0m0.570 ms - 139[0m
[0mGET / [33m404 [0m0.300 ms - 139[0m
[0mGET / [33m404 [0m0.315 ms - 139[0m
[0mGET / [33m404 [0m0.305 ms - 139[0m
[0mGET / [33m404 [0m0.287 ms - 139[0m
[0mGET / [33m404 [0m0.364 ms - 139[0m
[0mGET / [33m404 [0m0.384 ms - 139[0m
[0mGET / [33m404 [0m0.309 ms - 139[0m
[0mGET / [33m404 [0m0.345 ms - 139[0m
[0mGET / [33m404 [0m0.400 ms - 139[0m
[0mGET / [33m404 [0m0.621 ms - 139[0m
[0mGET / [33m404 [0m0.832 ms - 139[0m
[0mGET / [33m404 [0m0.727 ms - 139[0m
[0mGET / [33m404 [0m0.655 ms - 139[0m
[0mGET / [33m404 [0m0.333 ms - 139[0m
[0mGET / [33m404 [0m0.309 ms - 139[0m
[0mGET / [33m404 [0m0.218 ms - 139[0m
[0mGET / [33m404 [0m0.326 ms - 139[0m
[0mGET / [33m404 [0m0.255 ms - 139[0m
[0mGET / [33m404 [0m0.311 ms - 139[0m
[0mGET / [33m404 [0m0.389 ms - 139[0m
[0mGET / [33m404 [0m0.359 ms - 139[0m
[0mGET / [33m404 [0m0.351 ms - 139[0m
[0mGET / [33m404 [0m0.640 ms - 139[0m
[0mGET / [33m404 [0m0.322 ms - 139[0m
[0mGET / [33m404 [0m0.282 ms - 139[0m
[0mGET / [33m404 [0m0.281 ms - 139[0m
[0mGET / [33m404 [0m0.279 ms - 139[0m
[0mGET / [33m404 [0m0.846 ms - 139[0m
[0mGET / [33m404 [0m0.814 ms - 139[0m
[0mGET / [33m404 [0m0.316 ms - 139[0m
[0mGET / [33m404 [0m0.284 ms - 139[0m
[0mGET / [33m404 [0m0.286 ms - 139[0m
[0mGET / [33m404 [0m0.285 ms - 139[0m
[0mGET / [33m404 [0m0.326 ms - 139[0m
[0mGET / [33m404 [0m0.287 ms - 139[0m
[0mGET / [33m404 [0m0.303 ms - 139[0m
[0mGET / [33m404 [0m0.264 ms - 139[0m
[0mGET / [33m404 [0m0.331 ms - 139[0m
[0mGET / [33m404 [0m0.486 ms - 139[0m
[0mGET / [33m404 [0m0.338 ms - 139[0m
[0mGET / [33m404 [0m0.225 ms - 139[0m
[0mGET / [33m404 [0m0.274 ms - 139[0m
[0mGET / [33m404 [0m0.304 ms - 139[0m
[0mGET / [33m404 [0m0.293 ms - 139[0m
[0mGET / [33m404 [0m0.290 ms - 139[0m
[0mGET / [33m404 [0m0.295 ms - 139[0m
[0mGET / [33m404 [0m0.273 ms - 139[0m
[0mGET / [33m404 [0m0.459 ms - 139[0m
[0mGET / [33m404 [0m0.575 ms - 139[0m
[0mGET / [33m404 [0m0.302 ms - 139[0m
[0mGET / [33m404 [0m0.309 ms - 139[0m
[0mGET / [33m404 [0m0.290 ms - 139[0m
[0mGET / [33m404 [0m0.296 ms - 139[0m
[0mGET / [33m404 [0m0.280 ms - 139[0m
[0mGET / [33m404 [0m0.278 ms - 139[0m
[0mGET / [33m404 [0m0.304 ms - 139[0m
[0mGET / [33m404 [0m0.286 ms - 139[0m
[0mGET / [33m404 [0m0.411 ms - 139[0m
[0mGET / [33m404 [0m0.474 ms - 139[0m
[0mGET / [33m404 [0m0.308 ms - 139[0m
[0mGET / [33m404 [0m0.289 ms - 139[0m
[0mGET / [33m404 [0m0.291 ms - 139[0m
[0mGET / [33m404 [0m0.315 ms - 139[0m
[0mGET / [33m404 [0m0.272 ms - 139[0m
[0mGET / [33m404 [0m0.290 ms - 139[0m
[0mGET / [33m404 [0m0.287 ms - 139[0m
[0mGET / [33m404 [0m0.312 ms - 139[0m
[0mGET / [33m404 [0m0.333 ms - 139[0m
[0mGET / [33m404 [0m0.492 ms - 139[0m
[0mGET / [33m404 [0m0.289 ms - 139[0m
[0mGET / [33m404 [0m0.291 ms - 139[0m
[0mGET / [33m404 [0m0.261 ms - 139[0m
[0mGET / [33m404 [0m0.320 ms - 139[0m
[0mGET / [33m404 [0m0.319 ms - 139[0m
[0mGET / [33m404 [0m0.379 ms - 139[0m
[0mGET / [33m404 [0m0.265 ms - 139[0m
[0mGET / [33m404 [0m0.246 ms - 139[0m
[0mGET / [33m404 [0m0.339 ms - 139[0m
[0mGET / [33m404 [0m0.227 ms - 139[0m
[0mGET / [33m404 [0m0.835 ms - 139[0m
[0mGET / [33m404 [0m0.271 ms - 139[0m
[0mGET / [33m404 [0m0.660 ms - 139[0m
[0mGET / [33m404 [0m0.304 ms - 139[0m
[0mGET / [33m404 [0m0.283 ms - 139[0m
[0mGET / [33m404 [0m0.277 ms - 139[0m
[0mGET / [33m404 [0m0.294 ms - 139[0m
[0mGET / [33m404 [0m0.299 ms - 139[0m
[0mGET / [33m404 [0m0.342 ms - 139[0m
[0mGET / [33m404 [0m0.532 ms - 139[0m
[0mGET / [33m404 [0m0.291 ms - 139[0m
[0mGET / [33m404 [0m0.281 ms - 139[0m
[0mGET / [33m404 [0m0.317 ms - 139[0m
[0mGET / [33m404 [0m0.315 ms - 139[0m
[0mGET / [33m404 [0m0.286 ms - 139[0m
[0mGET / [33m404 [0m0.272 ms - 139[0m
[0mGET / [33m404 [0m0.297 ms - 139[0m
[0mGET / [33m404 [0m0.288 ms - 139[0m
[0mGET / [33m404 [0m0.456 ms - 139[0m
[0mGET / [33m404 [0m0.504 ms - 139[0m
[0mGET / [33m404 [0m0.433 ms - 139[0m
[0mGET / [33m404 [0m0.310 ms - 139[0m
[0mGET / [33m404 [0m1.482 ms - 139[0m
[0mGET / [33m404 [0m0.246 ms - 139[0m
[0mGET / [33m404 [0m0.295 ms - 139[0m
[0mGET / [33m404 [0m0.310 ms - 139[0m
[0mGET / [33m404 [0m0.522 ms - 139[0m
[0mGET / [33m404 [0m0.670 ms - 139[0m
[0mGET / [33m404 [0m0.331 ms - 139[0m
[0mGET / [33m404 [0m0.322 ms - 139[0m
[0mGET / [33m404 [0m0.255 ms - 139[0m
[0mGET / [33m404 [0m0.334 ms - 139[0m
[0mGET / [33m404 [0m0.338 ms - 139[0m
[0mGET / [33m404 [0m0.402 ms - 139[0m
[0mGET / [33m404 [0m0.288 ms - 139[0m
[0mGET / [33m404 [0m0.323 ms - 139[0m
[0mGET / [33m404 [0m0.410 ms - 139[0m
[0mGET / [33m404 [0m0.596 ms - 139[0m
[0mGET / [33m404 [0m3.226 ms - 139[0m
[0mGET / [33m404 [0m0.545 ms - 139[0m
[0mGET / [33m404 [0m0.292 ms - 139[0m
[0mGET / [33m404 [0m0.291 ms - 139[0m
[0mGET / [33m404 [0m0.693 ms - 139[0m
[0mGET / [33m404 [0m0.285 ms - 139[0m
[0mGET / [33m404 [0m0.279 ms - 139[0m
[0mGET / [33m404 [0m0.292 ms - 139[0m
[0mGET / [33m404 [0m0.278 ms - 139[0m
[0mGET / [33m404 [0m0.268 ms - 139[0m
[0mGET / [33m404 [0m0.313 ms - 139[0m
[0mGET / [33m404 [0m0.272 ms - 139[0m
[0mGET / [33m404 [0m0.432 ms - 139[0m
[0mGET / [33m404 [0m0.727 ms - 139[0m
[0mGET / [33m404 [0m0.901 ms - 139[0m
[0mGET / [33m404 [0m0.426 ms - 139[0m
[0mGET / [33m404 [0m0.411 ms - 139[0m
[0mGET / [33m404 [0m0.446 ms - 139[0m
[0mGET / [33m404 [0m0.552 ms - 139[0m
[0mGET / [33m404 [0m0.349 ms - 139[0m
[0mGET / [33m404 [0m0.492 ms - 139[0m
[0mGET / [33m404 [0m0.976 ms - 139[0m
[0mGET / [33m404 [0m0.885 ms - 139[0m
[0mGET / [33m404 [0m0.984 ms - 139[0m
[0mGET / [33m404 [0m0.400 ms - 139[0m
[0mGET / [33m404 [0m0.426 ms - 139[0m
[0mGET / [33m404 [0m0.428 ms - 139[0m
[0mGET / [33m404 [0m0.444 ms - 139[0m
[0mGET / [33m404 [0m0.417 ms - 139[0m
[0mGET / [33m404 [0m0.392 ms - 139[0m
[0mGET / [33m404 [0m0.415 ms - 139[0m
[0mGET / [33m404 [0m0.383 ms - 139[0m
[0mGET / [33m404 [0m0.430 ms - 139[0m
[0mGET / [33m404 [0m0.409 ms - 139[0m
[0mGET / [33m404 [0m0.442 ms - 139[0m
[0mGET / [33m404 [0m0.434 ms - 139[0m
[0mGET / [33m404 [0m0.421 ms - 139[0m
[0mGET / [33m404 [0m0.441 ms - 139[0m
[0mGET / [33m404 [0m0.737 ms - 139[0m
[0mGET / [33m404 [0m0.816 ms - 139[0m
[0mGET / [33m404 [0m0.896 ms - 139[0m
[0mGET / [33m404 [0m0.946 ms - 139[0m
[0mGET / [33m404 [0m0.433 ms - 139[0m
[0mGET / [33m404 [0m0.406 ms - 139[0m
[0mGET / [33m404 [0m0.407 ms - 139[0m
[0mGET / [33m404 [0m0.495 ms - 139[0m
[0mGET / [33m404 [0m0.430 ms - 139[0m
[0mGET / [33m404 [0m0.445 ms - 139[0m
[0mGET / [33m404 [0m0.428 ms - 139[0m
[0mGET / [33m404 [0m0.424 ms - 139[0m
[0mGET / [33m404 [0m2.382 ms - 139[0m
[0mGET / [33m404 [0m0.817 ms - 139[0m
[0mGET / [33m404 [0m0.431 ms - 139[0m
[0mGET / [33m404 [0m0.415 ms - 139[0m
[0mGET / [33m404 [0m0.427 ms - 139[0m
[0mGET / [33m404 [0m0.465 ms - 139[0m
[0mGET / [33m404 [0m0.390 ms - 139[0m
[0mGET / [33m404 [0m0.853 ms - 139[0m
[0mGET / [33m404 [0m0.466 ms - 139[0m
[0mGET / [33m404 [0m1.189 ms - 139[0m
[0mGET / [33m404 [0m0.405 ms - 139[0m
[0mGET / [33m404 [0m0.288 ms - 139[0m
[0mGET / [33m404 [0m0.387 ms - 139[0m
[0mGET / [33m404 [0m0.317 ms - 139[0m
[0mGET / [33m404 [0m0.323 ms - 139[0m
[0mGET / [33m404 [0m0.267 ms - 139[0m
[0mGET / [33m404 [0m0.280 ms - 139[0m
[0mGET / [33m404 [0m0.270 ms - 139[0m
[0mGET / [33m404 [0m0.323 ms - 139[0m
[0mGET / [33m404 [0m0.297 ms - 139[0m
[0mGET / [33m404 [0m0.586 ms - 139[0m
[0mGET / [33m404 [0m0.753 ms - 139[0m
[0mGET / [33m404 [0m0.883 ms - 139[0m
[0mGET / [33m404 [0m0.285 ms - 139[0m
[0mGET / [33m404 [0m0.282 ms - 139[0m
[0mGET / [33m404 [0m0.258 ms - 139[0m
[0mGET / [33m404 [0m0.211 ms - 139[0m
[0mGET / [33m404 [0m0.310 ms - 139[0m
[0mGET / [33m404 [0m0.296 ms - 139[0m
[0mGET / [33m404 [0m0.283 ms - 139[0m
[0mGET / [33m404 [0m0.420 ms - 139[0m
[0mGET / [33m404 [0m0.508 ms - 139[0m
[0mGET / [33m404 [0m0.289 ms - 139[0m
[0mGET / [33m404 [0m0.296 ms - 139[0m
[0mGET / [33m404 [0m0.289 ms - 139[0m
[0mGET / [33m404 [0m0.279 ms - 139[0m
[0mGET / [33m404 [0m0.288 ms - 139[0m
[0mGET / [33m404 [0m0.273 ms - 139[0m
[0mGET / [33m404 [0m0.436 ms - 139[0m
[0mGET / [33m404 [0m0.541 ms - 139[0m
[0mGET / [33m404 [0m0.343 ms - 139[0m
[0mGET / [33m404 [0m0.476 ms - 139[0m
[0mGET / [33m404 [0m0.291 ms - 139[0m
[0mGET / [33m404 [0m0.291 ms - 139[0m
[0mGET / [33m404 [0m0.274 ms - 139[0m
[0mGET / [33m404 [0m0.230 ms - 139[0m
[0mGET / [33m404 [0m0.226 ms - 139[0m
[0mGET / [33m404 [0m0.277 ms - 139[0m
[0mGET / [33m404 [0m0.293 ms - 139[0m
[0mGET / [33m404 [0m0.235 ms - 139[0m
[0mGET / [33m404 [0m0.499 ms - 139[0m
[0mGET / [33m404 [0m0.571 ms - 139[0m
[0mGET / [33m404 [0m0.298 ms - 139[0m
[0mGET / [33m404 [0m0.270 ms - 139[0m
[0mGET / [33m404 [0m0.289 ms - 139[0m
[0mGET / [33m404 [0m0.246 ms - 139[0m
[0mGET / [33m404 [0m0.611 ms - 139[0m
[0mGET / [33m404 [0m0.306 ms - 139[0m
[0mGET / [33m404 [0m0.320 ms - 139[0m
[0mGET / [33m404 [0m0.207 ms - 139[0m
[0mGET / [33m404 [0m0.331 ms - 139[0m
[0mGET / [33m404 [0m0.483 ms - 139[0m
[0mGET / [33m404 [0m0.285 ms - 139[0m
[0mGET / [33m404 [0m1.559 ms - 139[0m
[0mGET / [33m404 [0m0.505 ms - 139[0m
[0mGET / [33m404 [0m0.313 ms - 139[0m
[0mGET / [33m404 [0m0.293 ms - 139[0m
[0mGET / [33m404 [0m0.299 ms - 139[0m
[0mGET / [33m404 [0m0.268 ms - 139[0m
[0mGET / [33m404 [0m0.243 ms - 139[0m
[0mGET / [33m404 [0m0.374 ms - 139[0m
[0mGET / [33m404 [0m0.299 ms - 139[0m
[0mGET / [33m404 [0m0.307 ms - 139[0m
[0mGET / [33m404 [0m0.305 ms - 139[0m
[0mGET / [33m404 [0m0.270 ms - 139[0m
[0mGET / [33m404 [0m0.283 ms - 139[0m
[0mGET / [33m404 [0m0.295 ms - 139[0m
[0mGET / [33m404 [0m0.324 ms - 139[0m
[0mGET / [33m404 [0m0.494 ms - 139[0m
[0mGET / [33m404 [0m0.511 ms - 139[0m
[0mGET / [33m404 [0m0.585 ms - 139[0m
[0mGET / [33m404 [0m1.000 ms - 139[0m
[0mGET / [33m404 [0m0.498 ms - 139[0m
[0mGET / [33m404 [0m0.477 ms - 139[0m
[0mGET / [33m404 [0m0.485 ms - 139[0m
[0mGET / [33m404 [0m0.497 ms - 139[0m
[0mGET / [33m404 [0m0.497 ms - 139[0m
[0mGET / [33m404 [0m0.485 ms - 139[0m
[0mGET / [33m404 [0m0.514 ms - 139[0m
[0mGET / [33m404 [0m0.473 ms - 139[0m
[0mGET / [33m404 [0m1.098 ms - 139[0m
[0mGET / [33m404 [0m1.413 ms - 139[0m
[0mGET / [33m404 [0m0.488 ms - 139[0m
[0mGET / [33m404 [0m0.601 ms - 139[0m
[0mGET / [33m404 [0m3.229 ms - 139[0m
[0mGET / [33m404 [0m0.434 ms - 139[0m
[0mGET / [33m404 [0m0.429 ms - 139[0m
[0mGET / [33m404 [0m0.610 ms - 139[0m
[0mGET / [33m404 [0m0.542 ms - 139[0m
[0mGET / [33m404 [0m0.459 ms - 139[0m
[0mGET / [33m404 [0m0.755 ms - 139[0m
[0mGET / [33m404 [0m1.247 ms - 139[0m
[0mGET / [33m404 [0m0.328 ms - 139[0m
[0mGET / [33m404 [0m0.337 ms - 139[0m
[0mGET / [33m404 [0m0.316 ms - 139[0m
[0mGET / [33m404 [0m0.316 ms - 139[0m
[0mGET / [33m404 [0m0.335 ms - 139[0m
[0mGET / [33m404 [0m0.362 ms - 139[0m
[0mGET / [33m404 [0m0.310 ms - 139[0m
[0mGET / [33m404 [0m0.298 ms - 139[0m
[0mGET / [33m404 [0m0.396 ms - 139[0m
[0mGET / [33m404 [0m0.302 ms - 139[0m
[0mGET / [33m404 [0m0.323 ms - 139[0m
[0mGET / [33m404 [0m0.313 ms - 139[0m
[0mGET / [33m404 [0m0.307 ms - 139[0m
[0mGET / [33m404 [0m0.321 ms - 139[0m
[0mGET / [33m404 [0m0.302 ms - 139[0m
[0mGET / [33m404 [0m0.281 ms - 139[0m
[0mGET / [33m404 [0m0.295 ms - 139[0m
[0mGET / [33m404 [0m0.290 ms - 139[0m
[0mGET / [33m404 [0m0.275 ms - 139[0m
[0mGET / [33m404 [0m0.233 ms - 139[0m
[0mGET / [33m404 [0m0.336 ms - 139[0m
[0mGET / [33m404 [0m0.260 ms - 139[0m
[0mGET / [33m404 [0m0.358 ms - 139[0m
[0mGET / [33m404 [0m0.258 ms - 139[0m
[0mGET / [33m404 [0m0.302 ms - 139[0m
[0mGET / [33m404 [0m0.319 ms - 139[0m
[0mGET / [33m404 [0m0.260 ms - 139[0m
[0mGET / [33m404 [0m0.269 ms - 139[0m
[0mGET / [33m404 [0m0.341 ms - 139[0m
[0mGET / [33m404 [0m0.522 ms - 139[0m
[0mGET / [33m404 [0m0.328 ms - 139[0m
[0mGET / [33m404 [0m0.331 ms - 139[0m
[0mGET / [33m404 [0m0.290 ms - 139[0m
[0mGET / [33m404 [0m0.357 ms - 139[0m
[0mGET / [33m404 [0m0.341 ms - 139[0m
[0mGET / [33m404 [0m0.326 ms - 139[0m
[0mGET / [33m404 [0m0.376 ms - 139[0m
[0mGET / [33m404 [0m0.401 ms - 139[0m
[0mGET / [33m404 [0m0.565 ms - 139[0m
[0mGET / [33m404 [0m1.093 ms - 139[0m
[0mGET / [33m404 [0m0.339 ms - 139[0m
[0mGET / [33m404 [0m0.280 ms - 139[0m
[0mGET / [33m404 [0m0.313 ms - 139[0m
[0mGET / [33m404 [0m0.295 ms - 139[0m
[0mGET / [33m404 [0m0.267 ms - 139[0m
[0mGET / [33m404 [0m0.264 ms - 139[0m
[0mGET / [33m404 [0m0.322 ms - 139[0m
[0mGET / [33m404 [0m0.265 ms - 139[0m
[0mGET / [33m404 [0m0.319 ms - 139[0m
[0mGET / [33m404 [0m0.514 ms - 139[0m
[0mGET / [33m404 [0m0.289 ms - 139[0m
[0mGET / [33m404 [0m0.241 ms - 139[0m
[0mGET / [33m404 [0m0.262 ms - 139[0m
[0mGET / [33m404 [0m0.288 ms - 139[0m
[0mGET / [33m404 [0m0.250 ms - 139[0m
[0mGET / [33m404 [0m0.285 ms - 139[0m
[0mGET / [33m404 [0m0.689 ms - 139[0m
[0mGET / [33m404 [0m0.516 ms - 139[0m
[0mGET / [33m404 [0m0.601 ms - 139[0m
[0mGET / [33m404 [0m0.617 ms - 139[0m
[0mGET / [33m404 [0m0.252 ms - 139[0m
[0mGET / [33m404 [0m0.441 ms - 139[0m
[0mGET / [33m404 [0m0.509 ms - 139[0m
[0mGET / [33m404 [0m0.375 ms - 139[0m
[0mGET / [33m404 [0m0.292 ms - 139[0m
[0mGET / [33m404 [0m0.397 ms - 139[0m
[0mGET / [33m404 [0m0.281 ms - 139[0m
[0mGET / [33m404 [0m0.290 ms - 139[0m
[0mGET / [33m404 [0m0.516 ms - 139[0m
[0mGET / [33m404 [0m0.728 ms - 139[0m
[0mGET / [33m404 [0m0.285 ms - 139[0m
[0mGET / [33m404 [0m0.276 ms - 139[0m
[0mGET / [33m404 [0m0.241 ms - 139[0m
[0mGET / [33m404 [0m0.341 ms - 139[0m
[0mGET / [33m404 [0m0.283 ms - 139[0m
[0mGET / [33m404 [0m0.313 ms - 139[0m
[0mGET / [33m404 [0m0.276 ms - 139[0m
[0mGET / [33m404 [0m0.271 ms - 139[0m
[0mGET / [33m404 [0m0.274 ms - 139[0m
[0mGET / [33m404 [0m0.443 ms - 139[0m
[0mGET / [33m404 [0m0.280 ms - 139[0m
[0mGET / [33m404 [0m0.296 ms - 139[0m
[0mGET / [33m404 [0m1.409 ms - 139[0m
[0mGET / [33m404 [0m0.285 ms - 139[0m
[0mGET / [33m404 [0m0.294 ms - 139[0m
[0mGET / [33m404 [0m0.253 ms - 139[0m
[0mGET / [33m404 [0m0.282 ms - 139[0m
[0mGET / [33m404 [0m0.280 ms - 139[0m
[0mGET / [33m404 [0m0.442 ms - 139[0m
[0mGET / [33m404 [0m0.758 ms - 139[0m
[0mGET / [33m404 [0m0.274 ms - 139[0m
[0mGET / [33m404 [0m0.321 ms - 139[0m
[0mGET / [33m404 [0m0.257 ms - 139[0m
[0mGET / [33m404 [0m0.277 ms - 139[0m
[0mGET / [33m404 [0m0.340 ms - 139[0m
[0mGET / [33m404 [0m0.399 ms - 139[0m
[0mGET / [33m404 [0m0.274 ms - 139[0m
[0mGET / [33m404 [0m0.336 ms - 139[0m
[0mGET / [33m404 [0m0.405 ms - 139[0m
[0mGET / [33m404 [0m0.560 ms - 139[0m
[0mGET / [33m404 [0m0.410 ms - 139[0m
[0mGET / [33m404 [0m0.295 ms - 139[0m
[0mGET / [33m404 [0m0.290 ms - 139[0m
[0mGET / [33m404 [0m0.317 ms - 139[0m
[0mGET / [33m404 [0m0.269 ms - 139[0m
[0mGET / [33m404 [0m0.293 ms - 139[0m
[0mGET / [33m404 [0m0.267 ms - 139[0m
[0mGET / [33m404 [0m0.241 ms - 139[0m
[0mGET / [33m404 [0m0.306 ms - 139[0m
[0mGET / [33m404 [0m0.376 ms - 139[0m
[0mGET / [33m404 [0m0.691 ms - 139[0m
[0mGET / [33m404 [0m0.654 ms - 139[0m
[0mGET / [33m404 [0m0.435 ms - 139[0m
[0mGET / [33m404 [0m0.371 ms - 139[0m
[0mGET / [33m404 [0m0.339 ms - 139[0m
[0mGET / [33m404 [0m0.417 ms - 139[0m
[0mGET / [33m404 [0m0.404 ms - 139[0m
[0mGET / [33m404 [0m0.376 ms - 139[0m
[0mGET / [33m404 [0m0.330 ms - 139[0m
[0mGET / [33m404 [0m0.393 ms - 139[0m
[0mGET / [33m404 [0m0.464 ms - 139[0m
[0mGET / [33m404 [0m0.420 ms - 139[0m
[0mGET / [33m404 [0m0.387 ms - 139[0m
[0mGET / [33m404 [0m0.420 ms - 139[0m
[0mGET / [33m404 [0m0.404 ms - 139[0m
[0mGET / [33m404 [0m0.414 ms - 139[0m
[0mGET / [33m404 [0m0.434 ms - 139[0m
[0mGET / [33m404 [0m0.406 ms - 139[0m
[0mGET / [33m404 [0m0.355 ms - 139[0m
[0mGET / [33m404 [0m0.494 ms - 139[0m
[0mGET / [33m404 [0m0.289 ms - 139[0m
[0mGET / [33m404 [0m0.241 ms - 139[0m
[0mGET / [33m404 [0m0.273 ms - 139[0m
[0mGET / [33m404 [0m0.294 ms - 139[0m
[0mGET / [33m404 [0m0.280 ms - 139[0m
[0mGET / [33m404 [0m0.645 ms - 139[0m
[0mGET / [33m404 [0m0.279 ms - 139[0m
[0mGET / [33m404 [0m0.259 ms - 139[0m
[0mGET / [33m404 [0m0.290 ms - 139[0m
[0mGET / [33m404 [0m0.246 ms - 139[0m
[0mGET / [33m404 [0m0.315 ms - 139[0m
[0mGET / [33m404 [0m0.291 ms - 139[0m
[0mGET / [33m404 [0m0.263 ms - 139[0m
[0mGET / [33m404 [0m0.287 ms - 139[0m
[0mGET / [33m404 [0m0.279 ms - 139[0m
[0mGET / [33m404 [0m0.309 ms - 139[0m
[0mGET / [33m404 [0m0.272 ms - 139[0m
[0mGET / [33m404 [0m0.269 ms - 139[0m
[0mGET / [33m404 [0m0.336 ms - 139[0m
[0mGET / [33m404 [0m0.455 ms - 139[0m
[0mGET / [33m404 [0m0.274 ms - 139[0m
[0mGET / [33m404 [0m0.306 ms - 139[0m
[0mGET / [33m404 [0m0.295 ms - 139[0m
[0mGET / [33m404 [0m0.283 ms - 139[0m
[0mGET / [33m404 [0m0.327 ms - 139[0m
[0mGET / [33m404 [0m0.355 ms - 139[0m
[0mGET / [33m404 [0m0.275 ms - 139[0m
[0mGET / [33m404 [0m0.276 ms - 139[0m
[0mGET / [33m404 [0m0.305 ms - 139[0m
[0mGET / [33m404 [0m0.480 ms - 139[0m
[0mGET / [33m404 [0m0.270 ms - 139[0m
[0mGET / [33m404 [0m0.295 ms - 139[0m
[0mGET / [33m404 [0m0.289 ms - 139[0m
[0mGET / [33m404 [0m0.272 ms - 139[0m
[0mGET / [33m404 [0m0.283 ms - 139[0m
[0mGET / [33m404 [0m0.305 ms - 139[0m
[0mGET / [33m404 [0m0.281 ms - 139[0m
[0mGET / [33m404 [0m0.290 ms - 139[0m
[0mGET / [33m404 [0m0.301 ms - 139[0m
[0mGET / [33m404 [0m0.452 ms - 139[0m
[0mGET / [33m404 [0m0.296 ms - 139[0m
[0mGET / [33m404 [0m0.289 ms - 139[0m
[0mGET / [33m404 [0m0.296 ms - 139[0m
[0mGET / [33m404 [0m0.280 ms - 139[0m
[0mGET / [33m404 [0m0.296 ms - 139[0m
[0mGET / [33m404 [0m0.297 ms - 139[0m
[0mGET / [33m404 [0m0.291 ms - 139[0m
[0mGET / [33m404 [0m0.284 ms - 139[0m
[0mGET / [33m404 [0m0.301 ms - 139[0m
[0mGET / [33m404 [0m0.270 ms - 139[0m
[0mGET / [33m404 [0m0.554 ms - 139[0m
[0mGET / [33m404 [0m0.412 ms - 139[0m
[0mGET / [33m404 [0m0.394 ms - 139[0m
[0mGET / [33m404 [0m0.408 ms - 139[0m
[0mGET / [33m404 [0m0.413 ms - 139[0m
[0mGET / [33m404 [0m0.412 ms - 139[0m
[0mGET / [33m404 [0m0.361 ms - 139[0m
[0mGET / [33m404 [0m0.401 ms - 139[0m
[0mGET / [33m404 [0m0.416 ms - 139[0m
[0mGET / [33m404 [0m0.882 ms - 139[0m
[0mGET / [33m404 [0m0.294 ms - 139[0m
[0mGET / [33m404 [0m0.265 ms - 139[0m
[0mGET / [33m404 [0m0.269 ms - 139[0m
[0mGET / [33m404 [0m0.251 ms - 139[0m
[0mGET / [33m404 [0m0.266 ms - 139[0m
[0mGET / [33m404 [0m0.472 ms - 139[0m
[0mGET / [33m404 [0m0.476 ms - 139[0m
[0mGET / [33m404 [0m0.485 ms - 139[0m
[0mGET / [33m404 [0m0.463 ms - 139[0m
[0mGET / [33m404 [0m0.539 ms - 139[0m
[0mGET / [33m404 [0m0.924 ms - 139[0m
[0mGET / [33m404 [0m0.486 ms - 139[0m
[0mGET / [33m404 [0m0.465 ms - 139[0m
[0mGET / [33m404 [0m0.496 ms - 139[0m
[0mGET / [33m404 [0m0.484 ms - 139[0m
[0mGET / [33m404 [0m0.481 ms - 139[0m
[0mGET / [33m404 [0m0.484 ms - 139[0m
[0mGET / [33m404 [0m0.488 ms - 139[0m
[0mGET / [33m404 [0m0.477 ms - 139[0m
[0mGET / [33m404 [0m0.684 ms - 139[0m
[0mGET / [33m404 [0m0.985 ms - 139[0m
[0mGET / [33m404 [0m0.481 ms - 139[0m
[0mGET / [33m404 [0m0.463 ms - 139[0m
[0mGET / [33m404 [0m0.463 ms - 139[0m
[0mGET / [33m404 [0m0.859 ms - 139[0m
[0mGET / [33m404 [0m0.479 ms - 139[0m
[0mGET / [33m404 [0m0.481 ms - 139[0m
[0mGET / [33m404 [0m0.476 ms - 139[0m
[0mGET / [33m404 [0m0.458 ms - 139[0m
[0mGET / [33m404 [0m0.561 ms - 139[0m
[0mGET / [33m404 [0m1.008 ms - 139[0m
[0mGET / [33m404 [0m0.656 ms - 139[0m
[0mGET / [33m404 [0m0.413 ms - 139[0m
[0mGET / [33m404 [0m0.488 ms - 139[0m
[0mGET / [33m404 [0m0.484 ms - 139[0m
[0mGET / [33m404 [0m0.902 ms - 139[0m
[0mGET / [33m404 [0m0.840 ms - 139[0m
[0mGET / [33m404 [0m0.819 ms - 139[0m
[0mGET / [33m404 [0m0.783 ms - 139[0m
[0mGET / [33m404 [0m0.761 ms - 139[0m
[0mGET / [33m404 [0m0.298 ms - 139[0m
[0mGET / [33m404 [0m0.263 ms - 139[0m
[0mGET / [33m404 [0m0.300 ms - 139[0m
[0mGET / [33m404 [0m0.439 ms - 139[0m
[0mGET / [33m404 [0m0.293 ms - 139[0m
[0mGET / [33m404 [0m0.316 ms - 139[0m
[0mGET / [33m404 [0m0.266 ms - 139[0m
[0mGET / [33m404 [0m0.267 ms - 139[0m
[0mGET / [33m404 [0m0.240 ms - 139[0m
[0mGET / [33m404 [0m0.502 ms - 139[0m
[0mGET / [33m404 [0m0.850 ms - 139[0m
[0mGET / [33m404 [0m0.452 ms - 139[0m
[0mGET / [33m404 [0m0.451 ms - 139[0m
[0mGET / [33m404 [0m0.471 ms - 139[0m
[0mGET / [33m404 [0m0.451 ms - 139[0m
[0mGET / [33m404 [0m0.469 ms - 139[0m
[0mGET / [33m404 [0m0.460 ms - 139[0m
[0mGET / [33m404 [0m0.436 ms - 139[0m
[0mGET / [33m404 [0m0.446 ms - 139[0m
[0mGET / [33m404 [0m0.800 ms - 139[0m
[0mGET / [33m404 [0m0.371 ms - 139[0m
[0mGET / [33m404 [0m0.484 ms - 139[0m
[0mGET / [33m404 [0m0.457 ms - 139[0m
[0mGET / [33m404 [0m0.436 ms - 139[0m
[0mGET / [33m404 [0m0.477 ms - 139[0m
[0mGET / [33m404 [0m0.490 ms - 139[0m
[0mGET / [33m404 [0m0.458 ms - 139[0m
[0mGET / [33m404 [0m0.434 ms - 139[0m
[0mGET / [33m404 [0m0.399 ms - 139[0m
[0mGET / [33m404 [0m0.465 ms - 139[0m
[0mGET / [33m404 [0m0.281 ms - 139[0m
[0mGET / [33m404 [0m0.267 ms - 139[0m
[0mGET / [33m404 [0m0.272 ms - 139[0m
[0mGET / [33m404 [0m0.240 ms - 139[0m
[0mGET / [33m404 [0m0.446 ms - 139[0m
[0mGET / [33m404 [0m0.436 ms - 139[0m
[0mGET / [33m404 [0m0.376 ms - 139[0m
[0mGET / [33m404 [0m0.376 ms - 139[0m
[0mGET / [33m404 [0m0.410 ms - 139[0m
[0mGET / [33m404 [0m0.654 ms - 139[0m
[0mGET / [33m404 [0m0.336 ms - 139[0m
[0mGET / [33m404 [0m0.435 ms - 139[0m
[0mGET / [33m404 [0m0.510 ms - 139[0m
[0mGET / [33m404 [0m0.891 ms - 139[0m
[0mGET / [33m404 [0m0.416 ms - 139[0m
[0mGET / [33m404 [0m0.445 ms - 139[0m
[0mGET / [33m404 [0m0.451 ms - 139[0m
[0mGET / [33m404 [0m0.469 ms - 139[0m
[0mGET / [33m404 [0m0.406 ms - 139[0m
[0mGET / [33m404 [0m0.597 ms - 139[0m
[0mGET / [33m404 [0m0.406 ms - 139[0m
[0mGET / [33m404 [0m0.458 ms - 139[0m
[0mGET / [33m404 [0m0.431 ms - 139[0m
[0mGET / [33m404 [0m0.421 ms - 139[0m
[0mGET / [33m404 [0m0.444 ms - 139[0m
[0mGET / [33m404 [0m0.439 ms - 139[0m
[0mGET / [33m404 [0m0.438 ms - 139[0m
[0mGET / [33m404 [0m0.438 ms - 139[0m
[0mGET / [33m404 [0m0.417 ms - 139[0m
[0mGET / [33m404 [0m0.413 ms - 139[0m
[0mGET / [33m404 [0m0.420 ms - 139[0m
[0mGET / [33m404 [0m0.443 ms - 139[0m
[0mGET / [33m404 [0m0.416 ms - 139[0m
[0mGET / [33m404 [0m0.418 ms - 139[0m
[0mGET / [33m404 [0m0.442 ms - 139[0m
[0mGET / [33m404 [0m0.448 ms - 139[0m
[0mGET / [33m404 [0m0.454 ms - 139[0m
[0mGET / [33m404 [0m0.430 ms - 139[0m
[0mGET / [33m404 [0m0.438 ms - 139[0m
[0mGET / [33m404 [0m0.445 ms - 139[0m
[0mGET / [33m404 [0m0.416 ms - 139[0m
[0mGET / [33m404 [0m0.438 ms - 139[0m
[0mGET / [33m404 [0m0.580 ms - 139[0m
[0mGET / [33m404 [0m0.428 ms - 139[0m
[0mGET / [33m404 [0m0.441 ms - 139[0m
[0mGET / [33m404 [0m0.444 ms - 139[0m
[0mGET / [33m404 [0m0.437 ms - 139[0m
[0mGET / [33m404 [0m0.442 ms - 139[0m
[0mGET / [33m404 [0m0.424 ms - 139[0m
[0mGET / [33m404 [0m0.411 ms - 139[0m
[0mGET / [33m404 [0m0.467 ms - 139[0m
[0mGET / [33m404 [0m0.462 ms - 139[0m
[0mGET / [33m404 [0m0.539 ms - 139[0m
[0mGET / [33m404 [0m0.411 ms - 139[0m
[0mGET / [33m404 [0m0.510 ms - 139[0m
[0mGET / [33m404 [0m0.475 ms - 139[0m
[0mGET / [33m404 [0m0.390 ms - 139[0m
[0mGET / [33m404 [0m0.627 ms - 139[0m
[0mGET / [33m404 [0m0.952 ms - 139[0m
[0mGET / [33m404 [0m0.466 ms - 139[0m
[0mGET / [33m404 [0m0.679 ms - 139[0m
[0mGET / [33m404 [0m0.282 ms - 139[0m
[0mGET / [33m404 [0m0.439 ms - 139[0m
[0mGET / [33m404 [0m0.578 ms - 139[0m
[0mGET / [33m404 [0m0.266 ms - 139[0m
[0mGET / [33m404 [0m0.267 ms - 139[0m
[0mGET / [33m404 [0m0.272 ms - 139[0m
[0mGET / [33m404 [0m0.544 ms - 139[0m
[0mGET / [33m404 [0m0.641 ms - 139[0m
[0mGET / [33m404 [0m0.364 ms - 139[0m
[0mGET / [33m404 [0m0.501 ms - 139[0m
[0mGET / [33m404 [0m0.320 ms - 139[0m
[0mGET / [33m404 [0m0.564 ms - 139[0m
[0mGET / [33m404 [0m0.636 ms - 139[0m
[0mGET / [33m404 [0m0.274 ms - 139[0m
[0mGET / [33m404 [0m0.971 ms - 139[0m
[0mGET / [33m404 [0m0.401 ms - 139[0m
[0mGET / [33m404 [0m0.278 ms - 139[0m
[0mGET / [33m404 [0m0.210 ms - 139[0m
[0mGET / [33m404 [0m0.778 ms - 139[0m
[0mGET / [33m404 [0m0.784 ms - 139[0m
[0mGET / [33m404 [0m0.372 ms - 139[0m
[0mGET / [33m404 [0m0.282 ms - 139[0m
[0mGET / [33m404 [0m0.257 ms - 139[0m
[0mGET / [33m404 [0m0.284 ms - 139[0m
[0mGET / [33m404 [0m0.237 ms - 139[0m
[0mGET / [33m404 [0m0.300 ms - 139[0m
[0mGET / [33m404 [0m0.361 ms - 139[0m
[0mGET / [33m404 [0m0.328 ms - 139[0m
[0mGET / [33m404 [0m0.259 ms - 139[0m
[0mGET / [33m404 [0m0.275 ms - 139[0m
[0mGET / [33m404 [0m0.433 ms - 139[0m
[0mGET / [33m404 [0m0.413 ms - 139[0m
[0mGET / [33m404 [0m0.416 ms - 139[0m
[0mGET / [33m404 [0m0.432 ms - 139[0m
[0mGET / [33m404 [0m0.962 ms - 139[0m
[0mGET / [33m404 [0m0.456 ms - 139[0m
[0mGET / [33m404 [0m0.436 ms - 139[0m
[0mGET / [33m404 [0m0.436 ms - 139[0m
[0mGET / [33m404 [0m0.441 ms - 139[0m
[0mGET / [33m404 [0m0.416 ms - 139[0m
[0mGET / [33m404 [0m0.433 ms - 139[0m
[0mGET / [33m404 [0m0.574 ms - 139[0m
[0mGET / [33m404 [0m0.338 ms - 139[0m
[0mGET / [33m404 [0m0.429 ms - 139[0m
[0mGET / [33m404 [0m0.424 ms - 139[0m
[0mGET / [33m404 [0m0.436 ms - 139[0m
[0mGET / [33m404 [0m0.455 ms - 139[0m
[0mGET / [33m404 [0m0.420 ms - 139[0m
[0mGET / [33m404 [0m0.628 ms - 139[0m
[0mGET / [33m404 [0m0.874 ms - 139[0m
[0mGET / [33m404 [0m0.444 ms - 139[0m
[0mGET / [33m404 [0m0.415 ms - 139[0m
[0mGET / [33m404 [0m0.416 ms - 139[0m
[0mGET / [33m404 [0m0.439 ms - 139[0m
[0mGET / [33m404 [0m0.440 ms - 139[0m
[0mGET / [33m404 [0m0.551 ms - 139[0m
[0mGET / [33m404 [0m0.752 ms - 139[0m
[0mGET / [33m404 [0m0.848 ms - 139[0m
[0mGET / [33m404 [0m0.712 ms - 139[0m
[0mGET / [33m404 [0m0.873 ms - 139[0m
[0mGET / [33m404 [0m0.391 ms - 139[0m
[0mGET / [33m404 [0m0.421 ms - 139[0m
[0mGET / [33m404 [0m0.415 ms - 139[0m
[0mGET / [33m404 [0m0.421 ms - 139[0m
[0mGET / [33m404 [0m2.021 ms - 139[0m
[0mGET / [33m404 [0m0.392 ms - 139[0m
[0mGET / [33m404 [0m0.718 ms - 139[0m
[0mGET / [33m404 [0m0.791 ms - 139[0m
[0mGET / [33m404 [0m0.627 ms - 139[0m
[0mGET / [33m404 [0m0.363 ms - 139[0m
[0mGET / [33m404 [0m0.416 ms - 139[0m
[0mGET / [33m404 [0m0.417 ms - 139[0m
[0mGET / [33m404 [0m0.431 ms - 139[0m
[0mGET / [33m404 [0m0.433 ms - 139[0m
[0mGET / [33m404 [0m0.439 ms - 139[0m
[0mGET / [33m404 [0m0.442 ms - 139[0m
[0mGET / [33m404 [0m0.429 ms - 139[0m
[0mGET / [33m404 [0m0.425 ms - 139[0m
[0mGET / [33m404 [0m0.454 ms - 139[0m
[0mGET / [33m404 [0m0.453 ms - 139[0m
[0mGET / [33m404 [0m0.430 ms - 139[0m
[0mGET / [33m404 [0m0.409 ms - 139[0m
[0mGET / [33m404 [0m0.422 ms - 139[0m
[0mGET / [33m404 [0m0.439 ms - 139[0m
[0mGET / [33m404 [0m0.433 ms - 139[0m
[0mGET / [33m404 [0m0.428 ms - 139[0m
[0mGET / [33m404 [0m0.436 ms - 139[0m
[0mGET / [33m404 [0m0.411 ms - 139[0m
[0mGET / [33m404 [0m0.424 ms - 139[0m
[0mGET / [33m404 [0m0.878 ms - 139[0m
[0mGET / [33m404 [0m0.435 ms - 139[0m
[0mGET / [33m404 [0m0.416 ms - 139[0m
[0mGET / [33m404 [0m0.410 ms - 139[0m
[0mGET / [33m404 [0m0.440 ms - 139[0m
[0mGET / [33m404 [0m0.435 ms - 139[0m
[0mGET / [33m404 [0m0.437 ms - 139[0m
[0mGET / [33m404 [0m0.431 ms - 139[0m
[0mGET / [33m404 [0m0.408 ms - 139[0m
[0mGET / [33m404 [0m0.449 ms - 139[0m
[0mGET / [33m404 [0m0.566 ms - 139[0m
[0mGET / [33m404 [0m0.695 ms - 139[0m
[0mGET / [33m404 [0m1.216 ms - 139[0m
[0mGET / [33m404 [0m0.861 ms - 139[0m
[0mGET / [33m404 [0m0.956 ms - 139[0m
[0mGET / [33m404 [0m0.567 ms - 139[0m
[0mGET / [33m404 [0m4.025 ms - 139[0m
[0mGET / [33m404 [0m0.535 ms - 139[0m
[0mGET / [33m404 [0m0.647 ms - 139[0m
[0mGET / [33m404 [0m0.288 ms - 139[0m
[0mGET / [33m404 [0m0.387 ms - 139[0m
[0mGET / [33m404 [0m1.664 ms - 139[0m
[0mGET / [33m404 [0m0.446 ms - 139[0m
[0mGET / [33m404 [0m1.584 ms - 139[0m
[0mGET / [33m404 [0m1.707 ms - 139[0m
[0mGET / [33m404 [0m1.784 ms - 139[0m
[0mGET / [33m404 [0m2.752 ms - 139[0m
[0mGET / [33m404 [0m3.205 ms - 139[0m
[0mGET / [33m404 [0m3.304 ms - 139[0m
[0mGET / [33m404 [0m2.998 ms - 139[0m
[0mGET / [33m404 [0m3.274 ms - 139[0m
[0mGET / [33m404 [0m3.370 ms - 139[0m
[0mGET / [33m404 [0m0.339 ms - 139[0m
[0mGET / [33m404 [0m0.215 ms - 139[0m
[0mGET / [33m404 [0m0.336 ms - 139[0m
[0mGET / [33m404 [0m0.465 ms - 139[0m
[0mGET / [33m404 [0m1.232 ms - 139[0m
[0mGET / [33m404 [0m1.178 ms - 139[0m
[0mGET / [33m404 [0m1.274 ms - 139[0m
[0mGET / [33m404 [0m1.372 ms - 139[0m
[0mGET / [33m404 [0m1.432 ms - 139[0m
[0mGET / [33m404 [0m1.508 ms - 139[0m
[0mGET / [33m404 [0m1.988 ms - 139[0m
[0mGET / [33m404 [0m1.986 ms - 139[0m
[0mGET / [33m404 [0m2.032 ms - 139[0m
[0mGET / [33m404 [0m2.486 ms - 139[0m
[0mGET / [33m404 [0m2.557 ms - 139[0m
[0mGET / [33m404 [0m2.683 ms - 139[0m
[0mGET / [33m404 [0m2.780 ms - 139[0m
[0mGET / [33m404 [0m2.849 ms - 139[0m
[0mGET / [33m404 [0m2.909 ms - 139[0m
[0mGET / [33m404 [0m2.965 ms - 139[0m
[0mGET / [33m404 [0m3.002 ms - 139[0m
[0mGET / [33m404 [0m2.286 ms - 139[0m
[0mGET / [33m404 [0m2.190 ms - 139[0m
[0mGET / [33m404 [0m2.421 ms - 139[0m
[0mGET / [33m404 [0m0.433 ms - 139[0m
[0mGET / [33m404 [0m0.425 ms - 139[0m
[0mGET / [33m404 [0m0.601 ms - 139[0m
[0mGET / [33m404 [0m0.835 ms - 139[0m
[0mGET / [33m404 [0m0.926 ms - 139[0m
[0mGET / [33m404 [0m1.671 ms - 139[0m
[0mGET / [33m404 [0m0.554 ms - 139[0m
[0mGET / [33m404 [0m1.126 ms - 139[0m
[0mGET / [33m404 [0m0.445 ms - 139[0m
[0mGET / [33m404 [0m2.941 ms - 139[0m
[0mGET / [33m404 [0m3.014 ms - 139[0m
[0mGET / [33m404 [0m3.064 ms - 139[0m
[0mGET / [33m404 [0m3.116 ms - 139[0m
[0mGET / [33m404 [0m3.165 ms - 139[0m
[0mGET / [33m404 [0m3.205 ms - 139[0m
[0mGET / [33m404 [0m3.577 ms - 139[0m
[0mGET / [33m404 [0m3.547 ms - 139[0m
[0mGET / [33m404 [0m3.638 ms - 139[0m
[0mGET / [33m404 [0m3.767 ms - 139[0m
[0mGET / [33m404 [0m3.744 ms - 139[0m
[0mGET / [33m404 [0m2.910 ms - 139[0m
[0mGET / [33m404 [0m5.560 ms - 139[0m
[0mGET / [33m404 [0m3.885 ms - 139[0m
[0mGET / [33m404 [0m3.998 ms - 139[0m
[0mGET / [33m404 [0m4.073 ms - 139[0m
[0mGET / [33m404 [0m4.446 ms - 139[0m
[0mGET / [33m404 [0m4.661 ms - 139[0m
[0mGET / [33m404 [0m5.170 ms - 139[0m
[0mGET / [33m404 [0m5.261 ms - 139[0m
[0mGET / [33m404 [0m5.310 ms - 139[0m
[0mGET / [33m404 [0m5.335 ms - 139[0m
[0mGET / [33m404 [0m5.361 ms - 139[0m
[0mGET / [33m404 [0m5.518 ms - 139[0m
[0mGET / [33m404 [0m6.804 ms - 139[0m
[0mGET / [33m404 [0m6.684 ms - 139[0m
[0mGET / [33m404 [0m6.156 ms - 139[0m
[0mGET / [33m404 [0m5.592 ms - 139[0m
[0mGET / [33m404 [0m6.122 ms - 139[0m
[0mGET / [33m404 [0m0.935 ms - 139[0m
[0mGET / [33m404 [0m0.353 ms - 139[0m
[0mGET / [33m404 [0m0.605 ms - 139[0m
[0mGET / [33m404 [0m0.645 ms - 139[0m
[0mGET / [33m404 [0m0.818 ms - 139[0m
[0mGET / [33m404 [0m0.547 ms - 139[0m
[0mGET / [33m404 [0m0.583 ms - 139[0m
[0mGET / [33m404 [0m1.599 ms - 139[0m
[0mGET / [33m404 [0m1.644 ms - 139[0m
[0mGET / [33m404 [0m1.676 ms - 139[0m
[0mGET / [33m404 [0m1.713 ms - 139[0m
[0mGET / [33m404 [0m1.728 ms - 139[0m
[0mGET / [33m404 [0m1.985 ms - 139[0m
[0mGET / [33m404 [0m1.930 ms - 139[0m
[0mGET / [33m404 [0m1.959 ms - 139[0m
[0mGET / [33m404 [0m2.615 ms - 139[0m
[0mGET / [33m404 [0m2.764 ms - 139[0m
[0mGET / [33m404 [0m0.354 ms - 139[0m
[0mGET / [33m404 [0m0.250 ms - 139[0m
[0mGET / [33m404 [0m1.306 ms - 139[0m
[0mGET / [33m404 [0m1.532 ms - 139[0m
[0mGET / [33m404 [0m1.586 ms - 139[0m
[0mGET / [33m404 [0m1.788 ms - 139[0m
[0mGET / [33m404 [0m1.797 ms - 139[0m
[0mGET / [33m404 [0m1.836 ms - 139[0m
[0mGET / [33m404 [0m1.845 ms - 139[0m
[0mGET / [33m404 [0m1.900 ms - 139[0m
[0mGET / [33m404 [0m2.473 ms - 139[0m
[0mGET / [33m404 [0m2.563 ms - 139[0m
[0mGET / [33m404 [0m2.636 ms - 139[0m
[0mGET / [33m404 [0m1.933 ms - 139[0m
[0mGET / [33m404 [0m1.817 ms - 139[0m
[0mGET / [33m404 [0m1.844 ms - 139[0m
[0mGET / [33m404 [0m2.157 ms - 139[0m
[0mGET / [33m404 [0m2.070 ms - 139[0m
[0mGET / [33m404 [0m2.113 ms - 139[0m
[0mGET / [33m404 [0m2.146 ms - 139[0m
[0mGET / [33m404 [0m0.312 ms - 139[0m
[0mGET / [33m404 [0m1.265 ms - 139[0m
[0mGET / [33m404 [0m1.306 ms - 139[0m
[0mGET / [33m404 [0m1.367 ms - 139[0m
[0mGET / [33m404 [0m1.712 ms - 139[0m
[0mGET / [33m404 [0m1.659 ms - 139[0m
[0mGET / [33m404 [0m1.690 ms - 139[0m
[0mGET / [33m404 [0m1.724 ms - 139[0m
[0mGET / [33m404 [0m1.824 ms - 139[0m
[0mGET / [33m404 [0m0.878 ms - 139[0m
[0mGET / [33m404 [0m0.277 ms - 139[0m
[0mGET / [33m404 [0m1.949 ms - 139[0m
[0mGET / [33m404 [0m0.664 ms - 139[0m
[0mGET / [33m404 [0m1.749 ms - 139[0m
[0mGET / [33m404 [0m0.477 ms - 139[0m
[0mGET / [33m404 [0m0.574 ms - 139[0m
[0mGET / [33m404 [0m0.593 ms - 139[0m
[0mGET / [33m404 [0m1.838 ms - 139[0m
[0mGET / [33m404 [0m0.582 ms - 139[0m
[0mGET / [33m404 [0m0.688 ms - 139[0m
[0mGET / [33m404 [0m0.547 ms - 139[0m
[0mGET / [33m404 [0m0.580 ms - 139[0m
[0mGET / [33m404 [0m0.753 ms - 139[0m
[0mGET / [33m404 [0m3.419 ms - 139[0m
[0mGET / [33m404 [0m3.392 ms - 139[0m
[0mGET / [33m404 [0m3.426 ms - 139[0m
[0mGET / [33m404 [0m3.447 ms - 139[0m
[0mGET / [33m404 [0m3.489 ms - 139[0m
[0mGET / [33m404 [0m3.537 ms - 139[0m
[0mGET / [33m404 [0m6.598 ms - 139[0m
[0mGET / [33m404 [0m6.633 ms - 139[0m
[0mGET / [33m404 [0m6.206 ms - 139[0m
[0mGET / [33m404 [0m6.139 ms - 139[0m
[0mGET / [33m404 [0m5.353 ms - 139[0m
[0mGET / [33m404 [0m5.272 ms - 139[0m
[0mGET / [33m404 [0m5.287 ms - 139[0m
[0mGET / [33m404 [0m0.345 ms - 139[0m
[0mGET / [33m404 [0m4.094 ms - 139[0m
[0mGET / [33m404 [0m4.070 ms - 139[0m
[0mGET / [33m404 [0m4.136 ms - 139[0m
[0mGET / [33m404 [0m4.191 ms - 139[0m
[0mGET / [33m404 [0m4.138 ms - 139[0m
[0mGET / [33m404 [0m4.026 ms - 139[0m
[0mGET / [33m404 [0m3.151 ms - 139[0m
[0mGET / [33m404 [0m3.147 ms - 139[0m
[0mGET / [33m404 [0m3.228 ms - 139[0m
[0mGET / [33m404 [0m3.704 ms - 139[0m
[0mGET / [33m404 [0m3.620 ms - 139[0m
[0mGET / [33m404 [0m2.848 ms - 139[0m
[0mGET / [33m404 [0m4.619 ms - 139[0m
[0mGET / [33m404 [0m2.111 ms - 139[0m
[0mGET / [33m404 [0m2.130 ms - 139[0m
[0mGET / [33m404 [0m2.194 ms - 139[0m
[0mGET / [33m404 [0m2.207 ms - 139[0m
[0mGET / [33m404 [0m2.223 ms - 139[0m
[0mGET / [33m404 [0m2.239 ms - 139[0m
[0mGET / [33m404 [0m2.248 ms - 139[0m
[0mGET / [33m404 [0m2.257 ms - 139[0m
[0mGET / [33m404 [0m2.282 ms - 139[0m
[0mGET / [33m404 [0m2.313 ms - 139[0m
[0mGET / [33m404 [0m0.324 ms - 139[0m
[0mGET / [33m404 [0m0.332 ms - 139[0m
[0mGET / [33m404 [0m0.903 ms - 139[0m
[0mGET / [33m404 [0m0.933 ms - 139[0m
[0mGET / [33m404 [0m0.991 ms - 139[0m
[0mGET / [33m404 [0m1.030 ms - 139[0m
[0mGET / [33m404 [0m1.384 ms - 139[0m
[0mGET / [33m404 [0m2.493 ms - 139[0m
[0mGET / [33m404 [0m2.522 ms - 139[0m
[0mGET / [33m404 [0m1.976 ms - 139[0m
[0mGET / [33m404 [0m1.944 ms - 139[0m
[0mGET / [33m404 [0m2.180 ms - 139[0m
[0mGET / [33m404 [0m2.137 ms - 139[0m
[0mGET / [33m404 [0m2.179 ms - 139[0m
[0mGET / [33m404 [0m2.239 ms - 139[0m
[0mGET / [33m404 [0m2.275 ms - 139[0m
[0mGET / [33m404 [0m2.296 ms - 139[0m
[0mGET / [33m404 [0m2.285 ms - 139[0m
[0mGET / [33m404 [0m1.061 ms - 139[0m
[0mGET / [33m404 [0m1.140 ms - 139[0m
[0mGET / [33m404 [0m1.349 ms - 139[0m
[0mGET / [33m404 [0m1.304 ms - 139[0m
[0mGET / [33m404 [0m1.308 ms - 139[0m
[0mGET / [33m404 [0m1.523 ms - 139[0m
[0mGET / [33m404 [0m0.436 ms - 139[0m
[0mGET / [33m404 [0m0.505 ms - 139[0m
[0mGET / [33m404 [0m0.493 ms - 139[0m
[0mGET / [33m404 [0m0.606 ms - 139[0m
[0mGET / [33m404 [0m0.326 ms - 139[0m
[0mGET / [33m404 [0m3.336 ms - 139[0m
[0mGET / [33m404 [0m3.404 ms - 139[0m
[0mGET / [33m404 [0m4.108 ms - 139[0m
[0mGET / [33m404 [0m4.270 ms - 139[0m
[0mGET / [33m404 [0m4.399 ms - 139[0m
[0mGET / [33m404 [0m4.705 ms - 139[0m
[0mGET / [33m404 [0m2.941 ms - 139[0m
[0mGET / [33m404 [0m3.351 ms - 139[0m
[0mGET / [33m404 [0m3.424 ms - 139[0m
[0mGET / [33m404 [0m0.354 ms - 139[0m
[0mGET / [33m404 [0m1.810 ms - 139[0m
[0mGET / [33m404 [0m1.755 ms - 139[0m
[0mGET / [33m404 [0m1.825 ms - 139[0m
[0mGET / [33m404 [0m1.862 ms - 139[0m
[0mGET / [33m404 [0m3.835 ms - 139[0m
[0mGET / [33m404 [0m4.042 ms - 139[0m
[0mGET / [33m404 [0m4.054 ms - 139[0m
[0mGET / [33m404 [0m4.364 ms - 139[0m
[0mGET / [33m404 [0m4.236 ms - 139[0m
[0mGET / [33m404 [0m4.232 ms - 139[0m
[0mGET / [33m404 [0m4.253 ms - 139[0m
[0mGET / [33m404 [0m1.785 ms - 139[0m
[0mGET / [33m404 [0m1.903 ms - 139[0m
[0mGET / [33m404 [0m1.985 ms - 139[0m
[0mGET / [33m404 [0m2.006 ms - 139[0m
[0mGET / [33m404 [0m2.054 ms - 139[0m
[0mGET / [33m404 [0m2.031 ms - 139[0m
[0mGET / [33m404 [0m2.034 ms - 139[0m
[0mGET / [33m404 [0m2.059 ms - 139[0m
[0mGET / [33m404 [0m2.084 ms - 139[0m
[0mGET / [33m404 [0m2.126 ms - 139[0m
[0mGET / [33m404 [0m0.946 ms - 139[0m
[0mGET / [33m404 [0m1.025 ms - 139[0m
[0mGET / [33m404 [0m1.220 ms - 139[0m
[0mGET / [33m404 [0m1.629 ms - 139[0m
[0mGET / [33m404 [0m1.679 ms - 139[0m
[0mGET / [33m404 [0m1.773 ms - 139[0m
[0mGET / [33m404 [0m1.816 ms - 139[0m
[0mGET / [33m404 [0m1.852 ms - 139[0m
[0mGET / [33m404 [0m1.899 ms - 139[0m
[0mGET / [33m404 [0m2.079 ms - 139[0m
[0mGET / [33m404 [0m1.953 ms - 139[0m
[0mGET / [33m404 [0m1.970 ms - 139[0m
[0mGET / [33m404 [0m1.986 ms - 139[0m
[0mGET / [33m404 [0m0.643 ms - 139[0m
[0mGET / [33m404 [0m0.638 ms - 139[0m
[0mGET / [33m404 [0m0.657 ms - 139[0m
[0mGET / [33m404 [0m0.865 ms - 139[0m
[0mGET / [33m404 [0m2.430 ms - 139[0m
[0mGET / [33m404 [0m2.446 ms - 139[0m
[0mGET / [33m404 [0m2.971 ms - 139[0m
[0mGET / [33m404 [0m3.089 ms - 139[0m
[0mGET / [33m404 [0m3.482 ms - 139[0m
[0mGET / [33m404 [0m3.496 ms - 139[0m
[0mGET / [33m404 [0m3.559 ms - 139[0m
[0mGET / [33m404 [0m3.569 ms - 139[0m
[0mGET / [33m404 [0m3.596 ms - 139[0m
[0mGET / [33m404 [0m3.897 ms - 139[0m
[0mGET / [33m404 [0m3.887 ms - 139[0m
[0mGET / [33m404 [0m3.928 ms - 139[0m
[0mGET / [33m404 [0m3.842 ms - 139[0m
[0mGET / [33m404 [0m4.121 ms - 139[0m
[0mGET / [33m404 [0m4.033 ms - 139[0m
[0mGET / [33m404 [0m4.046 ms - 139[0m
[0mGET / [33m404 [0m0.306 ms - 139[0m
[0mGET / [33m404 [0m0.601 ms - 139[0m
[0mGET / [33m404 [0m0.580 ms - 139[0m
[0mGET / [33m404 [0m0.286 ms - 139[0m
[0mGET / [33m404 [0m3.021 ms - 139[0m
[0mGET / [33m404 [0m3.060 ms - 139[0m
[0mGET / [33m404 [0m3.102 ms - 139[0m
[0mGET / [33m404 [0m3.125 ms - 139[0m
[0mGET / [33m404 [0m1.494 ms - 139[0m
[0mGET / [33m404 [0m1.492 ms - 139[0m
[0mGET / [33m404 [0m1.519 ms - 139[0m
[0mGET / [33m404 [0m1.520 ms - 139[0m
[0mGET / [33m404 [0m1.864 ms - 139[0m
[0mGET / [33m404 [0m0.502 ms - 139[0m
[0mGET / [33m404 [0m0.535 ms - 139[0m
[0mGET / [33m404 [0m0.389 ms - 139[0m
[0mGET / [33m404 [0m1.131 ms - 139[0m
[0mGET / [33m404 [0m0.959 ms - 139[0m
[0mGET / [33m404 [0m0.603 ms - 139[0m
[0mGET / [33m404 [0m0.426 ms - 139[0m
[0mGET / [33m404 [0m0.536 ms - 139[0m
[0mGET / [33m404 [0m0.287 ms - 139[0m
[0mGET / [33m404 [0m0.871 ms - 139[0m
[0mGET / [33m404 [0m0.910 ms - 139[0m
[0mGET / [33m404 [0m0.930 ms - 139[0m
[0mGET / [33m404 [0m1.099 ms - 139[0m
[0mGET / [33m404 [0m0.330 ms - 139[0m
[0mGET / [33m404 [0m1.671 ms - 139[0m
[0mGET / [33m404 [0m1.705 ms - 139[0m
[0mGET / [33m404 [0m2.044 ms - 139[0m
[0mGET / [33m404 [0m2.054 ms - 139[0m
[0mGET / [33m404 [0m2.092 ms - 139[0m
[0mGET / [33m404 [0m2.107 ms - 139[0m
[0mGET / [33m404 [0m2.107 ms - 139[0m
[0mGET / [33m404 [0m2.329 ms - 139[0m
[0mGET / [33m404 [0m2.366 ms - 139[0m
[0mGET / [33m404 [0m2.295 ms - 139[0m
[0mGET / [33m404 [0m2.320 ms - 139[0m
[0mGET / [33m404 [0m2.333 ms - 139[0m
[0mGET / [33m404 [0m0.377 ms - 139[0m
[0mGET / [33m404 [0m1.951 ms - 139[0m
[0mGET / [33m404 [0m2.003 ms - 139[0m
[0mGET / [33m404 [0m2.063 ms - 139[0m
[0mGET / [33m404 [0m2.121 ms - 139[0m
[0mGET / [33m404 [0m2.456 ms - 139[0m
[0mGET / [33m404 [0m2.437 ms - 139[0m
[0mGET / [33m404 [0m2.476 ms - 139[0m
[0mGET / [33m404 [0m2.083 ms - 139[0m
[0mGET / [33m404 [0m2.100 ms - 139[0m
[0mGET / [33m404 [0m2.134 ms - 139[0m
[0mGET / [33m404 [0m2.327 ms - 139[0m
[0mGET / [33m404 [0m0.598 ms - 139[0m
[0mGET / [33m404 [0m0.960 ms - 139[0m
[0mGET / [33m404 [0m1.465 ms - 139[0m
[0mGET / [33m404 [0m1.487 ms - 139[0m
[0mGET / [33m404 [0m1.313 ms - 139[0m
[0mGET / [33m404 [0m1.022 ms - 139[0m
[0mGET / [33m404 [0m1.022 ms - 139[0m
[0mGET / [33m404 [0m1.064 ms - 139[0m
[0mGET / [33m404 [0m0.299 ms - 139[0m
[0mGET / [33m404 [0m0.850 ms - 139[0m
[0mGET / [33m404 [0m0.910 ms - 139[0m
[0mGET / [33m404 [0m0.980 ms - 139[0m
[0mGET / [33m404 [0m1.139 ms - 139[0m
[0mGET / [33m404 [0m1.321 ms - 139[0m
[0mGET / [33m404 [0m1.376 ms - 139[0m
[0mGET / [33m404 [0m1.933 ms - 139[0m
[0mGET / [33m404 [0m2.055 ms - 139[0m
[0mGET / [33m404 [0m2.135 ms - 139[0m
[0mGET / [33m404 [0m2.207 ms - 139[0m
[0mGET / [33m404 [0m2.274 ms - 139[0m
[0mGET / [33m404 [0m2.322 ms - 139[0m
[0mGET / [33m404 [0m2.380 ms - 139[0m
[0mGET / [33m404 [0m2.442 ms - 139[0m
[0mGET / [33m404 [0m2.263 ms - 139[0m
[0mGET / [33m404 [0m2.203 ms - 139[0m
[0mGET / [33m404 [0m2.246 ms - 139[0m
[0mGET / [33m404 [0m0.297 ms - 139[0m
[0mGET / [33m404 [0m0.234 ms - 139[0m
[0mGET / [33m404 [0m1.105 ms - 139[0m
[0mGET / [33m404 [0m1.111 ms - 139[0m
[0mGET / [33m404 [0m1.176 ms - 139[0m
[0mGET / [33m404 [0m1.257 ms - 139[0m
[0mGET / [33m404 [0m1.320 ms - 139[0m
[0mGET / [33m404 [0m1.370 ms - 139[0m
[0mGET / [33m404 [0m1.662 ms - 139[0m
[0mGET / [33m404 [0m1.631 ms - 139[0m
[0mGET / [33m404 [0m1.293 ms - 139[0m
[0mGET / [33m404 [0m1.346 ms - 139[0m
[0mGET / [33m404 [0m1.410 ms - 139[0m
[0mGET / [33m404 [0m1.482 ms - 139[0m
[0mGET / [33m404 [0m1.551 ms - 139[0m
[0mGET / [33m404 [0m1.593 ms - 139[0m
[0mGET / [33m404 [0m1.851 ms - 139[0m
[0mGET / [33m404 [0m1.748 ms - 139[0m
[0mGET / [33m404 [0m1.773 ms - 139[0m
[0mGET / [33m404 [0m0.304 ms - 139[0m
[0mGET / [33m404 [0m0.302 ms - 139[0m
[0mGET / [33m404 [0m1.393 ms - 139[0m
[0mGET / [33m404 [0m1.441 ms - 139[0m
[0mGET / [33m404 [0m1.513 ms - 139[0m
[0mGET / [33m404 [0m1.559 ms - 139[0m
[0mGET / [33m404 [0m1.855 ms - 139[0m
[0mGET / [33m404 [0m2.118 ms - 139[0m
[0mGET / [33m404 [0m2.063 ms - 139[0m
[0mGET / [33m404 [0m2.079 ms - 139[0m
[0mGET / [33m404 [0m2.192 ms - 139[0m
[0mGET / [33m404 [0m2.533 ms - 139[0m
[0mGET / [33m404 [0m1.113 ms - 139[0m
[0mGET / [33m404 [0m1.236 ms - 139[0m
[0mGET / [33m404 [0m1.350 ms - 139[0m
[0mGET / [33m404 [0m1.414 ms - 139[0m
[0mGET / [33m404 [0m1.477 ms - 139[0m
[0mGET / [33m404 [0m1.544 ms - 139[0m
[0mGET / [33m404 [0m1.627 ms - 139[0m
[0mGET / [33m404 [0m3.178 ms - 139[0m
[0mGET / [33m404 [0m3.148 ms - 139[0m
[0mGET / [33m404 [0m2.392 ms - 139[0m
[0mGET / [33m404 [0m2.440 ms - 139[0m
[0mGET / [33m404 [0m2.473 ms - 139[0m
[0mGET / [33m404 [0m3.225 ms - 139[0m
[0mGET / [33m404 [0m3.311 ms - 139[0m
[0mGET / [33m404 [0m3.470 ms - 139[0m
[0mGET / [33m404 [0m4.057 ms - 139[0m
[0mGET / [33m404 [0m4.190 ms - 139[0m
[0mGET / [33m404 [0m4.258 ms - 139[0m
[0mGET / [33m404 [0m4.304 ms - 139[0m
[0mGET / [33m404 [0m4.338 ms - 139[0m
[0mGET / [33m404 [0m3.742 ms - 139[0m
[0mGET / [33m404 [0m0.581 ms - 139[0m
[0mGET / [33m404 [0m0.314 ms - 139[0m
[0mGET / [33m404 [0m1.304 ms - 139[0m
[0mGET / [33m404 [0m1.366 ms - 139[0m
[0mGET / [33m404 [0m1.433 ms - 139[0m
[0mGET / [33m404 [0m1.167 ms - 139[0m
[0mGET / [33m404 [0m1.144 ms - 139[0m
[0mGET / [33m404 [0m0.324 ms - 139[0m
[0mGET / [33m404 [0m0.295 ms - 139[0m
[0mGET / [33m404 [0m0.280 ms - 139[0m
[0mGET / [33m404 [0m0.263 ms - 139[0m
[0mGET / [33m404 [0m0.372 ms - 139[0m
[0mGET / [33m404 [0m0.279 ms - 139[0m
[0mGET / [33m404 [0m0.668 ms - 139[0m
[0mGET / [33m404 [0m1.191 ms - 139[0m
[0mGET / [33m404 [0m1.315 ms - 139[0m
[0mGET / [33m404 [0m1.310 ms - 139[0m
[0mGET / [33m404 [0m1.392 ms - 139[0m
[0mGET / [33m404 [0m1.431 ms - 139[0m
[0mGET / [33m404 [0m0.843 ms - 139[0m
[0mGET / [33m404 [0m0.970 ms - 139[0m
[0mGET / [33m404 [0m0.971 ms - 139[0m
[0mGET / [33m404 [0m1.046 ms - 139[0m
[0mGET / [33m404 [0m1.704 ms - 139[0m
[0mGET / [33m404 [0m1.757 ms - 139[0m
[0mGET / [33m404 [0m1.913 ms - 139[0m
[0mGET / [33m404 [0m1.981 ms - 139[0m
[0mGET / [33m404 [0m1.247 ms - 139[0m
[0mGET / [33m404 [0m1.370 ms - 139[0m
[0mGET / [33m404 [0m0.510 ms - 139[0m
[0mGET / [33m404 [0m0.554 ms - 139[0m
[0mGET / [33m404 [0m0.634 ms - 139[0m
[0mGET / [33m404 [0m1.006 ms - 139[0m
[0mGET / [33m404 [0m0.531 ms - 139[0m
[0mGET / [33m404 [0m0.441 ms - 139[0m
[0mGET / [33m404 [0m1.900 ms - 139[0m
